#
# There is insufficient memory for the Java Runtime Environment to continue.
# Native memory allocation (malloc) failed to allocate 1181152 bytes for Chunk::new
# Possible reasons:
#   The system is out of physical RAM or swap space
#   The process is running with CompressedOops enabled, and the Java Heap may be blocking the growth of the native heap
# Possible solutions:
#   Reduce memory load on the system
#   Increase physical memory or swap space
#   Check if swap backing store is full
#   Decrease Java heap size (-Xmx/-Xms)
#   Decrease number of Java threads
#   Decrease Java thread stack sizes (-Xss)
#   Set larger code cache with -XX:ReservedCodeCacheSize=
#   JVM is running with Zero Based Compressed Oops mode in which the Java heap is
#     placed in the first 32GB address space. The Java Heap base address is the
#     maximum limit for the native heap growth. Please use -XX:HeapBaseMinAddress
#     to set the Java Heap base and to place the Java Heap above 32GB virtual address.
# This output file may be truncated or incomplete.
#
#  Out of Memory Error (arena.cpp:189), pid=62132, tid=10368
#
# JRE version: Java(TM) SE Runtime Environment (17.0.12+8) (build 17.0.12+8-LTS-286)
# Java VM: Java HotSpot(TM) 64-Bit Server VM (17.0.12+8-LTS-286, mixed mode, sharing, tiered, compressed oops, compressed class ptrs, g1 gc, windows-amd64)
# No core dump will be written. Minidumps are not enabled by default on client versions of Windows
#

---------------  S U M M A R Y ------------

Command Line: -XX:MaxMetaspaceSize=1G -XX:+HeapDumpOnOutOfMemoryError --add-opens=java.base/java.util=ALL-UNNAMED --add-opens=java.base/java.lang=ALL-UNNAMED --add-opens=java.base/java.lang.invoke=ALL-UNNAMED --add-opens=java.prefs/java.util.prefs=ALL-UNNAMED --add-opens=java.base/java.nio.charset=ALL-UNNAMED --add-opens=java.base/java.net=ALL-UNNAMED --add-opens=java.base/java.util.concurrent.atomic=ALL-UNNAMED -Xmx4G -Dfile.encoding=windows-1252 -Duser.country=US -Duser.language=en -Duser.variant -javaagent:C:\Users\q.ihbali\.gradle\wrapper\dists\gradle-8.7-all\aan3ydargesu18aqyqjwhr3pc\gradle-8.7\lib\agents\gradle-instrumentation-agent-8.7.jar org.gradle.launcher.daemon.bootstrap.GradleDaemon 8.7

Host: 11th Gen Intel(R) Core(TM) i5-1135G7 @ 2.40GHz, 8 cores, 15G,  Windows 11 , 64 bit Build 26100 (10.0.26100.4768)
Time: Tue Apr 21 15:07:27 2026 Turkey Standard Time elapsed time: 89.553486 seconds (0d 0h 1m 29s)

---------------  T H R E A D  ---------------

Current thread (0x000001fdde48a370):  JavaThread "C2 CompilerThread2" daemon [_thread_in_native, id=10368, stack(0x000000f730b00000,0x000000f730c00000)]


Current CompileTask:
C2:  89554 16960       4       jdk.internal.module.SystemModuleFinders$SystemModuleReader::containsImageLocation (42 bytes)

Stack: [0x000000f730b00000,0x000000f730c00000]
Native frames: (J=compiled Java code, j=interpreted, Vv=VM code, C=native code)
V  [jvm.dll+0x67a04a]
V  [jvm.dll+0x7da4ed]
V  [jvm.dll+0x7dbe33]
V  [jvm.dll+0x7dc4a3]
V  [jvm.dll+0x24508f]
V  [jvm.dll+0xab773]
V  [jvm.dll+0xabd3c]
V  [jvm.dll+0x361bee]
V  [jvm.dll+0x1ba45a]
V  [jvm.dll+0x216997]
V  [jvm.dll+0x215c6f]
V  [jvm.dll+0x1a2960]
V  [jvm.dll+0x22610b]
V  [jvm.dll+0x2242ab]
V  [jvm.dll+0x79075c]
V  [jvm.dll+0x78abea]
V  [jvm.dll+0x678f35]
C  [ucrtbase.dll+0x37b0]
C  [KERNEL32.DLL+0x2e8d7]
C  [ntdll.dll+0x3c34c]


---------------  P R O C E S S  ---------------

Threads class SMR info:
_java_thread_list=0x000001fddc810c30, length=142, elements={
0x000001fdfb477590, 0x000001fdffad8970, 0x000001fdffada0a0, 0x000001fdffaecef0,
0x000001fdffaed9b0, 0x000001fd9e912090, 0x000001fd9e9134d0, 0x000001fd9e917960,
0x000001fd9e919450, 0x000001fd9e928930, 0x000001fd9ea36a40, 0x000001fd9eb02cf0,
0x000001fdd8bbd230, 0x000001fdd98fef30, 0x000001fdda346fd0, 0x000001fdd89297c0,
0x000001fdd89280d0, 0x000001fdd8951500, 0x000001fdd8953360, 0x000001fdd8952940,
0x000001fdd8952e50, 0x000001fdd8953870, 0x000001fdd8951a10, 0x000001fdd8951f20,
0x000001fdd8953d80, 0x000001fdd8952430, 0x000001fdd8954290, 0x000001fddb69e460,
0x000001fddb69f390, 0x000001fddb69cb10, 0x000001fddb69d530, 0x000001fddb69c600,
0x000001fddb6a02c0, 0x000001fddb69f8a0, 0x000001fddb6a07d0, 0x000001fddb69d020,
0x000001fddb6a0ce0, 0x000001fddb6a11f0, 0x000001fddb69ee80, 0x000001fddb69da40,
0x000001fddb6a1700, 0x000001fddb69df50, 0x000001fddb6a1c10, 0x000001fddb6a2120,
0x000001fddb6a2630, 0x000001fddb6a3050, 0x000001fddb6a2b40, 0x000001fddb6a3560,
0x000001fddb6a3a70, 0x000001fddc318f40, 0x000001fddc3166c0, 0x000001fddc3170e0,
0x000001fddc318520, 0x000001fddc318a30, 0x000001fddc319960, 0x000001fddc319450,
0x000001fddc31a380, 0x000001fddc319e70, 0x000001fddc316bd0, 0x000001fddc31a890,
0x000001fddc31ada0, 0x000001fddc31b2b0, 0x000001fddc317b00, 0x000001fddc31b7c0,
0x000001fddc318010, 0x000001fddc31c1e0, 0x000001fddc31c6f0, 0x000001fddc31d110,
0x000001fddc31bcd0, 0x000001fddc31cc00, 0x000001fddc31d620, 0x000001fddc31db30,
0x000001fddc31e040, 0x000001fddd79a790, 0x000001fddd798420, 0x000001fddd79aca0,
0x000001fddd79bbd0, 0x000001fddd79b6c0, 0x000001fddd79b1b0, 0x000001fddd79c0e0,
0x000001fddd798930, 0x000001fddd79c5f0, 0x000001fddd798e40, 0x000001fddd79cb00,
0x000001fddd799860, 0x000001fddd79d520, 0x000001fddd79da30, 0x000001fddd79a280,
0x000001fddd79df40, 0x000001fddd79e450, 0x000001fddd79e960, 0x000001fddd799d70,
0x000001fddd79ee70, 0x000001fddd79fda0, 0x000001fddd79f380, 0x000001fddd79f890,
0x000001fd9e99aef0, 0x000001fd9e99b400, 0x000001fd9e999ab0, 0x000001fd9e99a9e0,
0x000001fd9e9995a0, 0x000001fd9e999fc0, 0x000001fd9e99a4d0, 0x000001fd9e99b910,
0x000001fd9e998670, 0x000001fd9e99be20, 0x000001fd9e99c330, 0x000001fd9e99c840,
0x000001fd9e999090, 0x000001fd9e99fff0, 0x000001fd9e99f0c0, 0x000001fd9e99ebb0,
0x000001fddc347c30, 0x000001fddc3467f0, 0x000001fddc348140, 0x000001fddc346d00,
0x000001fddc3453b0, 0x000001fddc347210, 0x000001fddc344990, 0x000001fddc348650,
0x000001fddc344ea0, 0x000001fddc348b60, 0x000001fddc349070, 0x000001fddc3458c0,
0x000001fddc34b8f0, 0x000001fddc349a90, 0x000001fddc349fa0, 0x000001fddc34a4b0,
0x000001fddc34c310, 0x000001fddc34b3e0, 0x000001fddc34be00, 0x000001fddc349580,
0x000001fdd89547a0, 0x000001fddeb561c0, 0x000001fddeb57600, 0x000001fddeb557a0,
0x000001fddeb54870, 0x000001fddeb566d0, 0x000001fddeb56be0, 0x000001fddeb570f0,
0x000001fdde48c350, 0x000001fdde48a370
}

Java Threads: ( => current thread )
  0x000001fdfb477590 JavaThread "main" [_thread_blocked, id=87900, stack(0x000000f727000000,0x000000f727100000)]
  0x000001fdffad8970 JavaThread "Reference Handler" daemon [_thread_blocked, id=79120, stack(0x000000f727700000,0x000000f727800000)]
  0x000001fdffada0a0 JavaThread "Finalizer" daemon [_thread_blocked, id=16852, stack(0x000000f727800000,0x000000f727900000)]
  0x000001fdffaecef0 JavaThread "Signal Dispatcher" daemon [_thread_blocked, id=86628, stack(0x000000f727900000,0x000000f727a00000)]
  0x000001fdffaed9b0 JavaThread "Attach Listener" daemon [_thread_blocked, id=10280, stack(0x000000f727a00000,0x000000f727b00000)]
  0x000001fd9e912090 JavaThread "Service Thread" daemon [_thread_blocked, id=65488, stack(0x000000f727b00000,0x000000f727c00000)]
  0x000001fd9e9134d0 JavaThread "Monitor Deflation Thread" daemon [_thread_blocked, id=19256, stack(0x000000f727c00000,0x000000f727d00000)]
  0x000001fd9e917960 JavaThread "C2 CompilerThread0" daemon [_thread_in_native, id=19816, stack(0x000000f727d00000,0x000000f727e00000)]
  0x000001fd9e919450 JavaThread "C1 CompilerThread0" daemon [_thread_blocked, id=88688, stack(0x000000f727e00000,0x000000f727f00000)]
  0x000001fd9e928930 JavaThread "Sweeper thread" daemon [_thread_blocked, id=88196, stack(0x000000f727f00000,0x000000f728000000)]
  0x000001fd9ea36a40 JavaThread "Common-Cleaner" daemon [_thread_blocked, id=48680, stack(0x000000f728000000,0x000000f728100000)]
  0x000001fd9eb02cf0 JavaThread "Notification Thread" daemon [_thread_blocked, id=88140, stack(0x000000f728100000,0x000000f728200000)]
  0x000001fdd8bbd230 JavaThread "Daemon health stats" [_thread_blocked, id=79308, stack(0x000000f728400000,0x000000f728500000)]
  0x000001fdd98fef30 JavaThread "Incoming local TCP Connector on port 55326" [_thread_in_native, id=82272, stack(0x000000f728300000,0x000000f728400000)]
  0x000001fdda346fd0 JavaThread "Daemon periodic checks" [_thread_blocked, id=68520, stack(0x000000f728a00000,0x000000f728b00000)]
  0x000001fdd89297c0 JavaThread "Daemon" [_thread_blocked, id=59164, stack(0x000000f728b00000,0x000000f728c00000)]
  0x000001fdd89280d0 JavaThread "Handler for socket connection from /127.0.0.1:55326 to /127.0.0.1:55327" [_thread_in_native, id=78184, stack(0x000000f728c00000,0x000000f728d00000)]
  0x000001fdd8951500 JavaThread "Cancel handler" [_thread_blocked, id=85096, stack(0x000000f728d00000,0x000000f728e00000)]
  0x000001fdd8953360 JavaThread "Daemon worker" [_thread_in_Java, id=86376, stack(0x000000f728e00000,0x000000f728f00000)]
  0x000001fdd8952940 JavaThread "Asynchronous log dispatcher for DefaultDaemonConnection: socket connection from /127.0.0.1:55326 to /127.0.0.1:55327" [_thread_blocked, id=38024, stack(0x000000f728f00000,0x000000f729000000)]
  0x000001fdd8952e50 JavaThread "Daemon client event forwarder" [_thread_blocked, id=88988, stack(0x000000f729100000,0x000000f729200000)]
  0x000001fdd8953870 JavaThread "Cache worker for journal cache (C:\Users\q.ihbali\.gradle\caches\journal-1)" [_thread_blocked, id=89352, stack(0x000000f729200000,0x000000f729300000)]
  0x000001fdd8951a10 JavaThread "File lock request listener" [_thread_in_native, id=87988, stack(0x000000f729300000,0x000000f729400000)]
  0x000001fdd8951f20 JavaThread "Cache worker for file hash cache (C:\Users\q.ihbali\.gradle\caches\8.7\fileHashes)" [_thread_blocked, id=87504, stack(0x000000f729400000,0x000000f729500000)]
  0x000001fdd8953d80 JavaThread "Cache worker for file hash cache (C:\Users\q.ihbali\Documents\millionchallengeonline\android\.gradle\8.7\fileHashes)" [_thread_blocked, id=87656, stack(0x000000f729600000,0x000000f729700000)]
  0x000001fdd8952430 JavaThread "File watcher server" daemon [_thread_in_native, id=82456, stack(0x000000f729700000,0x000000f729800000)]
  0x000001fdd8954290 JavaThread "File watcher consumer" daemon [_thread_blocked, id=88748, stack(0x000000f729800000,0x000000f729900000)]
  0x000001fddb69e460 JavaThread "Cache worker for checksums cache (C:\Users\q.ihbali\Documents\millionchallengeonline\android\.gradle\8.7\checksums)" [_thread_blocked, id=82176, stack(0x000000f729c00000,0x000000f729d00000)]
  0x000001fddb69f390 JavaThread "Cache worker for cache directory md-supplier (C:\Users\q.ihbali\.gradle\caches\8.7\md-supplier)" [_thread_blocked, id=73996, stack(0x000000f729d00000,0x000000f729e00000)]
  0x000001fddb69cb10 JavaThread "Cache worker for cache directory md-rule (C:\Users\q.ihbali\.gradle\caches\8.7\md-rule)" [_thread_blocked, id=89724, stack(0x000000f729e00000,0x000000f729f00000)]
  0x000001fddb69d530 JavaThread "Cache worker for file content cache (C:\Users\q.ihbali\.gradle\caches\8.7\fileContent)" [_thread_blocked, id=74188, stack(0x000000f729500000,0x000000f729600000)]
  0x000001fddb69c600 JavaThread "jar transforms" [_thread_blocked, id=60320, stack(0x000000f72a100000,0x000000f72a200000)]
  0x000001fddb6a02c0 JavaThread "Cache worker for Build Output Cleanup Cache (E:\flutter\packages\flutter_tools\gradle\.gradle\buildOutputCleanup)" [_thread_blocked, id=88408, stack(0x000000f72a200000,0x000000f72a300000)]
  0x000001fddb69f8a0 JavaThread "Unconstrained build operations" [_thread_blocked, id=53664, stack(0x000000f72a300000,0x000000f72a400000)]
  0x000001fddb6a07d0 JavaThread "Unconstrained build operations Thread 2" [_thread_blocked, id=46340, stack(0x000000f72a400000,0x000000f72a500000)]
  0x000001fddb69d020 JavaThread "Unconstrained build operations Thread 3" [_thread_blocked, id=37528, stack(0x000000f72a500000,0x000000f72a600000)]
  0x000001fddb6a0ce0 JavaThread "Unconstrained build operations Thread 4" [_thread_blocked, id=860, stack(0x000000f72a600000,0x000000f72a700000)]
  0x000001fddb6a11f0 JavaThread "Unconstrained build operations Thread 5" [_thread_blocked, id=2808, stack(0x000000f72a700000,0x000000f72a800000)]
  0x000001fddb69ee80 JavaThread "Unconstrained build operations Thread 6" [_thread_blocked, id=62124, stack(0x000000f72a800000,0x000000f72a900000)]
  0x000001fddb69da40 JavaThread "Unconstrained build operations Thread 7" [_thread_blocked, id=81580, stack(0x000000f72a900000,0x000000f72aa00000)]
  0x000001fddb6a1700 JavaThread "Unconstrained build operations Thread 8" [_thread_blocked, id=89072, stack(0x000000f72aa00000,0x000000f72ab00000)]
  0x000001fddb69df50 JavaThread "Unconstrained build operations Thread 9" [_thread_blocked, id=69416, stack(0x000000f72ab00000,0x000000f72ac00000)]
  0x000001fddb6a1c10 JavaThread "Unconstrained build operations Thread 10" [_thread_blocked, id=80940, stack(0x000000f72ac00000,0x000000f72ad00000)]
  0x000001fddb6a2120 JavaThread "Unconstrained build operations Thread 11" [_thread_blocked, id=59796, stack(0x000000f72ad00000,0x000000f72ae00000)]
  0x000001fddb6a2630 JavaThread "Unconstrained build operations Thread 12" [_thread_blocked, id=88844, stack(0x000000f72ae00000,0x000000f72af00000)]
  0x000001fddb6a3050 JavaThread "Unconstrained build operations Thread 13" [_thread_blocked, id=88860, stack(0x000000f72af00000,0x000000f72b000000)]
  0x000001fddb6a2b40 JavaThread "Unconstrained build operations Thread 14" [_thread_blocked, id=55488, stack(0x000000f72b000000,0x000000f72b100000)]
  0x000001fddb6a3560 JavaThread "Memory manager" [_thread_blocked, id=85472, stack(0x000000f72b100000,0x000000f72b200000)]
  0x000001fddb6a3a70 JavaThread "build event listener" [_thread_blocked, id=85044, stack(0x000000f72b200000,0x000000f72b300000)]
  0x000001fddc318f40 JavaThread "included builds" [_thread_blocked, id=1916, stack(0x000000f72b300000,0x000000f72b400000)]
  0x000001fddc3166c0 JavaThread "Execution worker" [_thread_blocked, id=80192, stack(0x000000f72b400000,0x000000f72b500000)]
  0x000001fddc3170e0 JavaThread "Execution worker Thread 2" [_thread_blocked, id=79604, stack(0x000000f72b500000,0x000000f72b600000)]
  0x000001fddc318520 JavaThread "Execution worker Thread 3" [_thread_blocked, id=90104, stack(0x000000f72b600000,0x000000f72b700000)]
  0x000001fddc318a30 JavaThread "Execution worker Thread 4" [_thread_blocked, id=32888, stack(0x000000f72b700000,0x000000f72b800000)]
  0x000001fddc319960 JavaThread "Execution worker Thread 5" [_thread_blocked, id=32176, stack(0x000000f72b800000,0x000000f72b900000)]
  0x000001fddc319450 JavaThread "Execution worker Thread 6" [_thread_blocked, id=84048, stack(0x000000f72b900000,0x000000f72ba00000)]
  0x000001fddc31a380 JavaThread "Execution worker Thread 7" [_thread_blocked, id=88204, stack(0x000000f72ba00000,0x000000f72bb00000)]
  0x000001fddc319e70 JavaThread "Cache worker for execution history cache (E:\flutter\packages\flutter_tools\gradle\.gradle\8.7\executionHistory)" [_thread_blocked, id=13328, stack(0x000000f72bb00000,0x000000f72bc00000)]
  0x000001fddc316bd0 JavaThread "Unconstrained build operations Thread 15" [_thread_blocked, id=89948, stack(0x000000f72a000000,0x000000f72a100000)]
  0x000001fddc31a890 JavaThread "Unconstrained build operations Thread 16" [_thread_blocked, id=74508, stack(0x000000f72bc00000,0x000000f72bd00000)]
  0x000001fddc31ada0 JavaThread "Unconstrained build operations Thread 17" [_thread_blocked, id=89768, stack(0x000000f72bd00000,0x000000f72be00000)]
  0x000001fddc31b2b0 JavaThread "Unconstrained build operations Thread 18" [_thread_blocked, id=89936, stack(0x000000f72be00000,0x000000f72bf00000)]
  0x000001fddc317b00 JavaThread "Unconstrained build operations Thread 19" [_thread_blocked, id=59488, stack(0x000000f72bf00000,0x000000f72c000000)]
  0x000001fddc31b7c0 JavaThread "Unconstrained build operations Thread 20" [_thread_blocked, id=66040, stack(0x000000f72c000000,0x000000f72c100000)]
  0x000001fddc318010 JavaThread "Unconstrained build operations Thread 21" [_thread_blocked, id=86360, stack(0x000000f72c100000,0x000000f72c200000)]
  0x000001fddc31c1e0 JavaThread "Unconstrained build operations Thread 22" [_thread_blocked, id=87496, stack(0x000000f72c200000,0x000000f72c300000)]
  0x000001fddc31c6f0 JavaThread "Unconstrained build operations Thread 23" [_thread_blocked, id=82224, stack(0x000000f72c300000,0x000000f72c400000)]
  0x000001fddc31d110 JavaThread "Unconstrained build operations Thread 24" [_thread_blocked, id=53552, stack(0x000000f72c400000,0x000000f72c500000)]
  0x000001fddc31bcd0 JavaThread "Unconstrained build operations Thread 25" [_thread_blocked, id=86892, stack(0x000000f72c500000,0x000000f72c600000)]
  0x000001fddc31cc00 JavaThread "Unconstrained build operations Thread 26" [_thread_blocked, id=62476, stack(0x000000f72c600000,0x000000f72c700000)]
  0x000001fddc31d620 JavaThread "Unconstrained build operations Thread 27" [_thread_blocked, id=45796, stack(0x000000f72c700000,0x000000f72c800000)]
  0x000001fddc31db30 JavaThread "Unconstrained build operations Thread 28" [_thread_blocked, id=74780, stack(0x000000f72c800000,0x000000f72c900000)]
  0x000001fddc31e040 JavaThread "Unconstrained build operations Thread 29" [_thread_blocked, id=84304, stack(0x000000f72c900000,0x000000f72ca00000)]
  0x000001fddd79a790 JavaThread "Unconstrained build operations Thread 30" [_thread_blocked, id=42152, stack(0x000000f72ca00000,0x000000f72cb00000)]
  0x000001fddd798420 JavaThread "Unconstrained build operations Thread 31" [_thread_blocked, id=86520, stack(0x000000f72cb00000,0x000000f72cc00000)]
  0x000001fddd79aca0 JavaThread "Unconstrained build operations Thread 32" [_thread_blocked, id=33404, stack(0x000000f72cc00000,0x000000f72cd00000)]
  0x000001fddd79bbd0 JavaThread "Unconstrained build operations Thread 33" [_thread_blocked, id=85104, stack(0x000000f72cd00000,0x000000f72ce00000)]
  0x000001fddd79b6c0 JavaThread "Unconstrained build operations Thread 34" [_thread_blocked, id=77332, stack(0x000000f72ce00000,0x000000f72cf00000)]
  0x000001fddd79b1b0 JavaThread "Unconstrained build operations Thread 35" [_thread_blocked, id=88600, stack(0x000000f72cf00000,0x000000f72d000000)]
  0x000001fddd79c0e0 JavaThread "Unconstrained build operations Thread 36" [_thread_blocked, id=70212, stack(0x000000f72d000000,0x000000f72d100000)]
  0x000001fddd798930 JavaThread "Unconstrained build operations Thread 37" [_thread_blocked, id=20232, stack(0x000000f72d100000,0x000000f72d200000)]
  0x000001fddd79c5f0 JavaThread "Unconstrained build operations Thread 38" [_thread_blocked, id=84716, stack(0x000000f72d200000,0x000000f72d300000)]
  0x000001fddd798e40 JavaThread "Unconstrained build operations Thread 39" [_thread_blocked, id=84404, stack(0x000000f72d300000,0x000000f72d400000)]
  0x000001fddd79cb00 JavaThread "Unconstrained build operations Thread 40" [_thread_blocked, id=89428, stack(0x000000f72d400000,0x000000f72d500000)]
  0x000001fddd799860 JavaThread "WorkerExecutor Queue" [_thread_blocked, id=86040, stack(0x000000f72d500000,0x000000f72d600000)]
  0x000001fddd79d520 JavaThread "RMI Scheduler(0)" daemon [_thread_blocked, id=69888, stack(0x000000f72d600000,0x000000f72d700000)]
  0x000001fddd79da30 JavaThread "RMI GC Daemon" daemon [_thread_blocked, id=88776, stack(0x000000f72d800000,0x000000f72d900000)]
  0x000001fddd79a280 JavaThread "RMI TCP Accept-0" daemon [_thread_in_native, id=21032, stack(0x000000f72d900000,0x000000f72da00000)]
  0x000001fddd79df40 JavaThread "RMI Reaper" [_thread_blocked, id=34004, stack(0x000000f72da00000,0x000000f72db00000)]
  0x000001fddd79e450 JavaThread "RMI TCP Connection(idle)" daemon [_thread_blocked, id=86996, stack(0x000000f72db00000,0x000000f72dc00000)]
  0x000001fddd79e960 JavaThread "File lock release action executor" [_thread_blocked, id=88760, stack(0x000000f729f00000,0x000000f72a000000)]
  0x000001fddd799d70 JavaThread "Unconstrained build operations Thread 41" [_thread_blocked, id=47100, stack(0x000000f72d700000,0x000000f72d800000)]
  0x000001fddd79ee70 JavaThread "Unconstrained build operations Thread 42" [_thread_blocked, id=67148, stack(0x000000f72dd00000,0x000000f72de00000)]
  0x000001fddd79fda0 JavaThread "Unconstrained build operations Thread 43" [_thread_blocked, id=84056, stack(0x000000f72de00000,0x000000f72df00000)]
  0x000001fddd79f380 JavaThread "Unconstrained build operations Thread 44" [_thread_blocked, id=50888, stack(0x000000f72df00000,0x000000f72e000000)]
  0x000001fddd79f890 JavaThread "Unconstrained build operations Thread 45" [_thread_blocked, id=89900, stack(0x000000f72e000000,0x000000f72e100000)]
  0x000001fd9e99aef0 JavaThread "Unconstrained build operations Thread 46" [_thread_blocked, id=74256, stack(0x000000f72e100000,0x000000f72e200000)]
  0x000001fd9e99b400 JavaThread "Unconstrained build operations Thread 47" [_thread_blocked, id=40840, stack(0x000000f72e200000,0x000000f72e300000)]
  0x000001fd9e999ab0 JavaThread "Unconstrained build operations Thread 48" [_thread_blocked, id=64012, stack(0x000000f72e300000,0x000000f72e400000)]
  0x000001fd9e99a9e0 JavaThread "Unconstrained build operations Thread 49" [_thread_blocked, id=84000, stack(0x000000f72e400000,0x000000f72e500000)]
  0x000001fd9e9995a0 JavaThread "Unconstrained build operations Thread 50" [_thread_blocked, id=86396, stack(0x000000f72e500000,0x000000f72e600000)]
  0x000001fd9e999fc0 JavaThread "Unconstrained build operations Thread 51" [_thread_blocked, id=86516, stack(0x000000f72e600000,0x000000f72e700000)]
  0x000001fd9e99a4d0 JavaThread "Unconstrained build operations Thread 52" [_thread_blocked, id=25192, stack(0x000000f72e700000,0x000000f72e800000)]
  0x000001fd9e99b910 JavaThread "Unconstrained build operations Thread 53" [_thread_blocked, id=45776, stack(0x000000f72e800000,0x000000f72e900000)]
  0x000001fd9e998670 JavaThread "Unconstrained build operations Thread 54" [_thread_blocked, id=83820, stack(0x000000f72e900000,0x000000f72ea00000)]
  0x000001fd9e99be20 JavaThread "jar transforms Thread 2" [_thread_blocked, id=67944, stack(0x000000f72eb00000,0x000000f72ec00000)]
  0x000001fd9e99c330 JavaThread "Cache worker for Build Output Cleanup Cache (C:\Users\q.ihbali\Documents\millionchallengeonline\android\.gradle\buildOutputCleanup)" [_thread_blocked, id=43380, stack(0x000000f72ec00000,0x000000f72ed00000)]
  0x000001fd9e99c840 JavaThread "jar transforms Thread 3" [_thread_blocked, id=48504, stack(0x000000f72ed00000,0x000000f72ee00000)]
  0x000001fd9e999090 JavaThread "jar transforms Thread 4" [_thread_blocked, id=42820, stack(0x000000f72ee00000,0x000000f72ef00000)]
  0x000001fd9e99fff0 JavaThread "jar transforms Thread 5" [_thread_blocked, id=84796, stack(0x000000f72ef00000,0x000000f72f000000)]
  0x000001fd9e99f0c0 JavaThread "build event listener" [_thread_blocked, id=52896, stack(0x000000f72ea00000,0x000000f72eb00000)]
  0x000001fd9e99ebb0 JavaThread "jar transforms Thread 6" [_thread_blocked, id=86204, stack(0x000000f72f000000,0x000000f72f100000)]
  0x000001fddc347c30 JavaThread "jar transforms Thread 7" [_thread_blocked, id=60452, stack(0x000000f726f00000,0x000000f727000000)]
  0x000001fddc3467f0 JavaThread "Unconstrained build operations Thread 55" [_thread_blocked, id=49600, stack(0x000000f72f100000,0x000000f72f200000)]
  0x000001fddc348140 JavaThread "Unconstrained build operations Thread 56" [_thread_blocked, id=86176, stack(0x000000f72f200000,0x000000f72f300000)]
  0x000001fddc346d00 JavaThread "Unconstrained build operations Thread 57" [_thread_blocked, id=41544, stack(0x000000f72f300000,0x000000f72f400000)]
  0x000001fddc3453b0 JavaThread "Unconstrained build operations Thread 58" [_thread_blocked, id=88952, stack(0x000000f72f400000,0x000000f72f500000)]
  0x000001fddc347210 JavaThread "Unconstrained build operations Thread 59" [_thread_blocked, id=71272, stack(0x000000f72f500000,0x000000f72f600000)]
  0x000001fddc344990 JavaThread "Unconstrained build operations Thread 60" [_thread_blocked, id=87072, stack(0x000000f72f600000,0x000000f72f700000)]
  0x000001fddc348650 JavaThread "Unconstrained build operations Thread 61" [_thread_blocked, id=74344, stack(0x000000f72f700000,0x000000f72f800000)]
  0x000001fddc344ea0 JavaThread "Unconstrained build operations Thread 62" [_thread_blocked, id=37432, stack(0x000000f72f800000,0x000000f72f900000)]
  0x000001fddc348b60 JavaThread "Unconstrained build operations Thread 63" [_thread_blocked, id=14544, stack(0x000000f72f900000,0x000000f72fa00000)]
  0x000001fddc349070 JavaThread "Unconstrained build operations Thread 64" [_thread_blocked, id=76248, stack(0x000000f72fa00000,0x000000f72fb00000)]
  0x000001fddc3458c0 JavaThread "Unconstrained build operations Thread 65" [_thread_blocked, id=86144, stack(0x000000f72fb00000,0x000000f72fc00000)]
  0x000001fddc34b8f0 JavaThread "Unconstrained build operations Thread 66" [_thread_blocked, id=89320, stack(0x000000f72fc00000,0x000000f72fd00000)]
  0x000001fddc349a90 JavaThread "Unconstrained build operations Thread 67" [_thread_blocked, id=84940, stack(0x000000f72fd00000,0x000000f72fe00000)]
  0x000001fddc349fa0 JavaThread "Unconstrained build operations Thread 68" [_thread_blocked, id=88960, stack(0x000000f72fe00000,0x000000f72ff00000)]
  0x000001fddc34a4b0 JavaThread "jar transforms Thread 8" [_thread_blocked, id=88216, stack(0x000000f726d00000,0x000000f726e00000)]
  0x000001fddc34c310 JavaThread "Unconstrained build operations Thread 69" [_thread_blocked, id=43548, stack(0x000000f729000000,0x000000f729100000)]
  0x000001fddc34b3e0 JavaThread "Unconstrained build operations Thread 70" [_thread_blocked, id=84352, stack(0x000000f72ff00000,0x000000f730000000)]
  0x000001fddc34be00 JavaThread "Unconstrained build operations Thread 71" [_thread_blocked, id=89992, stack(0x000000f730000000,0x000000f730100000)]
  0x000001fddc349580 JavaThread "Unconstrained build operations Thread 72" [_thread_blocked, id=84772, stack(0x000000f730100000,0x000000f730200000)]
  0x000001fdd89547a0 JavaThread "Unconstrained build operations Thread 73" [_thread_blocked, id=68800, stack(0x000000f730200000,0x000000f730300000)]
  0x000001fddeb561c0 JavaThread "Unconstrained build operations Thread 74" [_thread_blocked, id=8220, stack(0x000000f730300000,0x000000f730400000)]
  0x000001fddeb57600 JavaThread "Unconstrained build operations Thread 75" [_thread_blocked, id=60464, stack(0x000000f730400000,0x000000f730500000)]
  0x000001fddeb557a0 JavaThread "Unconstrained build operations Thread 76" [_thread_blocked, id=46920, stack(0x000000f730500000,0x000000f730600000)]
  0x000001fddeb54870 JavaThread "Unconstrained build operations Thread 77" [_thread_blocked, id=86424, stack(0x000000f730600000,0x000000f730700000)]
  0x000001fddeb566d0 JavaThread "Unconstrained build operations Thread 78" [_thread_blocked, id=64472, stack(0x000000f730700000,0x000000f730800000)]
  0x000001fddeb56be0 JavaThread "Unconstrained build operations Thread 79" [_thread_blocked, id=25856, stack(0x000000f730800000,0x000000f730900000)]
  0x000001fddeb570f0 JavaThread "Unconstrained build operations Thread 80" [_thread_blocked, id=87960, stack(0x000000f730900000,0x000000f730a00000)]
  0x000001fdde48c350 JavaThread "C2 CompilerThread1" daemon [_thread_in_native, id=53584, stack(0x000000f730a00000,0x000000f730b00000)]
=>0x000001fdde48a370 JavaThread "C2 CompilerThread2" daemon [_thread_in_native, id=10368, stack(0x000000f730b00000,0x000000f730c00000)]

Other Threads:
  0x000001fdfface6a0 VMThread "VM Thread" [stack: 0x000000f727600000,0x000000f727700000] [id=17788]
  0x000001fdfb500bd0 WatcherThread [stack: 0x000000f728200000,0x000000f728300000] [id=68212]
  0x000001fdfb4e4330 GCTaskThread "GC Thread#0" [stack: 0x000000f727100000,0x000000f727200000] [id=86080]
  0x000001fdd9719010 GCTaskThread "GC Thread#1" [stack: 0x000000f728500000,0x000000f728600000] [id=67532]
  0x000001fdd89408d0 GCTaskThread "GC Thread#2" [stack: 0x000000f728600000,0x000000f728700000] [id=88716]
  0x000001fdd8940b90 GCTaskThread "GC Thread#3" [stack: 0x000000f728700000,0x000000f728800000] [id=71204]
  0x000001fdd85eaec0 GCTaskThread "GC Thread#4" [stack: 0x000000f728800000,0x000000f728900000] [id=66856]
  0x000001fdd85eb180 GCTaskThread "GC Thread#5" [stack: 0x000000f728900000,0x000000f728a00000] [id=48088]
  0x000001fdd8b4a8d0 GCTaskThread "GC Thread#6" [stack: 0x000000f729900000,0x000000f729a00000] [id=86392]
  0x000001fddbf4a380 GCTaskThread "GC Thread#7" [stack: 0x000000f729a00000,0x000000f729b00000] [id=49144]
  0x000001fdfb4f5280 ConcurrentGCThread "G1 Main Marker" [stack: 0x000000f727200000,0x000000f727300000] [id=83780]
  0x000001fdfb4f7970 ConcurrentGCThread "G1 Conc#0" [stack: 0x000000f727300000,0x000000f727400000] [id=69384]
  0x000001fddb8c97b0 ConcurrentGCThread "G1 Conc#1" [stack: 0x000000f729b00000,0x000000f729c00000] [id=41568]
  0x000001fdfb53e070 ConcurrentGCThread "G1 Refine#0" [stack: 0x000000f727400000,0x000000f727500000] [id=85392]
  0x000001fdfb53eaa0 ConcurrentGCThread "G1 Service" [stack: 0x000000f727500000,0x000000f727600000] [id=85676]

Threads with active compile tasks:
C2 CompilerThread0    89607 16961       4       jdk.internal.jimage.BasicImageReader::verifyLocation (39 bytes)
C2 CompilerThread1    89607 16959       4       jdk.internal.module.SystemModuleFinders$SystemModuleReader::find (59 bytes)
C2 CompilerThread2    89607 16960       4       jdk.internal.module.SystemModuleFinders$SystemModuleReader::containsImageLocation (42 bytes)

VM state: not at safepoint (normal execution)

VM Mutex/Monitor currently owned by a thread: None

Heap address: 0x0000000700000000, size: 4096 MB, Compressed Oops mode: Zero based, Oop shift amount: 3

CDS archive(s) mapped at: [0x000001fd9f000000-0x000001fd9fbd0000-0x000001fd9fbd0000), size 12386304, SharedBaseAddress: 0x000001fd9f000000, ArchiveRelocationMode: 1.
Compressed class space mapped at: 0x000001fda0000000-0x000001fdd4000000, reserved size: 872415232
Narrow klass base: 0x000001fd9f000000, Narrow klass shift: 0, Narrow klass range: 0x100000000

GC Precious Log:
 CPUs: 8 total, 8 available
 Memory: 16086M
 Large Page Support: Disabled
 NUMA Support: Disabled
 Compressed Oops: Enabled (Zero based)
 Heap Region Size: 2M
 Heap Min Capacity: 8M
 Heap Initial Capacity: 252M
 Heap Max Capacity: 4G
 Pre-touch: Disabled
 Parallel Workers: 8
 Concurrent Workers: 2
 Concurrent Refinement Workers: 8
 Periodic GC: Disabled

Heap:
 garbage-first heap   total 307200K, used 200880K [0x0000000700000000, 0x0000000800000000)
  region size 2048K, 10 young (20480K), 1 survivors (2048K)
 Metaspace       used 115196K, committed 116608K, reserved 983040K
  class space    used 15739K, committed 16384K, reserved 851968K

Heap Regions: E=young(eden), S=young(survivor), O=old, HS=humongous(starts), HC=humongous(continues), CS=collection set, F=free, OA=open archive, CA=closed archive, TAMS=top-at-mark-start (previous, next)
|   0|0x0000000700000000, 0x0000000700200000, 0x0000000700200000|100%|HS|  |TAMS 0x0000000700200000, 0x0000000700000000| Complete 
|   1|0x0000000700200000, 0x0000000700400000, 0x0000000700400000|100%|HC|  |TAMS 0x0000000700400000, 0x0000000700200000| Complete 
|   2|0x0000000700400000, 0x0000000700600000, 0x0000000700600000|100%| O|  |TAMS 0x0000000700600000, 0x0000000700400000| Untracked 
|   3|0x0000000700600000, 0x0000000700800000, 0x0000000700800000|100%| O|  |TAMS 0x0000000700800000, 0x0000000700600000| Untracked 
|   4|0x0000000700800000, 0x00000007009f0a00, 0x0000000700a00000| 96%| O|  |TAMS 0x00000007009f0a00, 0x0000000700800000| Untracked 
|   5|0x0000000700a00000, 0x0000000700c00000, 0x0000000700c00000|100%| O|  |TAMS 0x0000000700c00000, 0x0000000700a00000| Untracked 
|   6|0x0000000700c00000, 0x0000000700e00000, 0x0000000700e00000|100%| O|  |TAMS 0x0000000700e00000, 0x0000000700c00000| Untracked 
|   7|0x0000000700e00000, 0x0000000701000000, 0x0000000701000000|100%| O|  |TAMS 0x0000000701000000, 0x0000000700e00000| Untracked 
|   8|0x0000000701000000, 0x0000000701200000, 0x0000000701200000|100%| O|  |TAMS 0x0000000701200000, 0x0000000701000000| Untracked 
|   9|0x0000000701200000, 0x0000000701400000, 0x0000000701400000|100%| O|  |TAMS 0x0000000701400000, 0x0000000701200000| Untracked 
|  10|0x0000000701400000, 0x0000000701600000, 0x0000000701600000|100%| O|  |TAMS 0x0000000701600000, 0x0000000701400000| Untracked 
|  11|0x0000000701600000, 0x0000000701800000, 0x0000000701800000|100%| O|  |TAMS 0x0000000701800000, 0x0000000701600000| Untracked 
|  12|0x0000000701800000, 0x0000000701a00000, 0x0000000701a00000|100%| O|  |TAMS 0x0000000701a00000, 0x0000000701800000| Untracked 
|  13|0x0000000701a00000, 0x0000000701c00000, 0x0000000701c00000|100%| O|  |TAMS 0x0000000701c00000, 0x0000000701a00000| Untracked 
|  14|0x0000000701c00000, 0x0000000701e00000, 0x0000000701e00000|100%| O|  |TAMS 0x0000000701e00000, 0x0000000701c00000| Untracked 
|  15|0x0000000701e00000, 0x0000000702000000, 0x0000000702000000|100%| O|  |TAMS 0x0000000702000000, 0x0000000701e00000| Untracked 
|  16|0x0000000702000000, 0x0000000702200000, 0x0000000702200000|100%| O|  |TAMS 0x0000000702200000, 0x0000000702000000| Untracked 
|  17|0x0000000702200000, 0x0000000702400000, 0x0000000702400000|100%| O|  |TAMS 0x0000000702400000, 0x0000000702200000| Untracked 
|  18|0x0000000702400000, 0x0000000702600000, 0x0000000702600000|100%| O|  |TAMS 0x0000000702600000, 0x0000000702400000| Untracked 
|  19|0x0000000702600000, 0x0000000702800000, 0x0000000702800000|100%|HS|  |TAMS 0x0000000702800000, 0x0000000702600000| Complete 
|  20|0x0000000702800000, 0x0000000702a00000, 0x0000000702a00000|100%|HS|  |TAMS 0x0000000702a00000, 0x0000000702800000| Complete 
|  21|0x0000000702a00000, 0x0000000702c00000, 0x0000000702c00000|100%|HS|  |TAMS 0x0000000702c00000, 0x0000000702a00000| Complete 
|  22|0x0000000702c00000, 0x0000000702e00000, 0x0000000702e00000|100%|HC|  |TAMS 0x0000000702e00000, 0x0000000702c00000| Complete 
|  23|0x0000000702e00000, 0x0000000703000000, 0x0000000703000000|100%|HS|  |TAMS 0x0000000703000000, 0x0000000702e00000| Complete 
|  24|0x0000000703000000, 0x0000000703200000, 0x0000000703200000|100%|HC|  |TAMS 0x0000000703200000, 0x0000000703000000| Complete 
|  25|0x0000000703200000, 0x0000000703400000, 0x0000000703400000|100%| O|  |TAMS 0x0000000703400000, 0x0000000703200000| Untracked 
|  26|0x0000000703400000, 0x0000000703600000, 0x0000000703600000|100%| O|  |TAMS 0x0000000703600000, 0x0000000703400000| Untracked 
|  27|0x0000000703600000, 0x0000000703800000, 0x0000000703800000|100%| O|  |TAMS 0x0000000703800000, 0x0000000703600000| Untracked 
|  28|0x0000000703800000, 0x0000000703a00000, 0x0000000703a00000|100%| O|  |TAMS 0x0000000703a00000, 0x0000000703800000| Untracked 
|  29|0x0000000703a00000, 0x0000000703c00000, 0x0000000703c00000|100%| O|  |TAMS 0x0000000703c00000, 0x0000000703a00000| Untracked 
|  30|0x0000000703c00000, 0x0000000703e00000, 0x0000000703e00000|100%| O|  |TAMS 0x0000000703e00000, 0x0000000703c00000| Untracked 
|  31|0x0000000703e00000, 0x0000000704000000, 0x0000000704000000|100%| O|  |TAMS 0x0000000704000000, 0x0000000703e00000| Untracked 
|  32|0x0000000704000000, 0x0000000704200000, 0x0000000704200000|100%| O|  |TAMS 0x0000000704200000, 0x0000000704000000| Untracked 
|  33|0x0000000704200000, 0x0000000704400000, 0x0000000704400000|100%| O|  |TAMS 0x0000000704400000, 0x0000000704200000| Untracked 
|  34|0x0000000704400000, 0x0000000704400000, 0x0000000704600000|  0%| F|  |TAMS 0x0000000704400000, 0x0000000704400000| Untracked 
|  35|0x0000000704600000, 0x0000000704800000, 0x0000000704800000|100%| O|  |TAMS 0x0000000704800000, 0x0000000704600000| Untracked 
|  36|0x0000000704800000, 0x0000000704a00000, 0x0000000704a00000|100%|HS|  |TAMS 0x0000000704a00000, 0x0000000704800000| Complete 
|  37|0x0000000704a00000, 0x0000000704c00000, 0x0000000704c00000|100%| O|  |TAMS 0x0000000704c00000, 0x0000000704a00000| Untracked 
|  38|0x0000000704c00000, 0x0000000704e00000, 0x0000000704e00000|100%| O|  |TAMS 0x0000000704e00000, 0x0000000704c00000| Untracked 
|  39|0x0000000704e00000, 0x0000000705000000, 0x0000000705000000|100%| O|  |TAMS 0x0000000705000000, 0x0000000704e00000| Untracked 
|  40|0x0000000705000000, 0x0000000705200000, 0x0000000705200000|100%| O|  |TAMS 0x0000000705200000, 0x0000000705000000| Untracked 
|  41|0x0000000705200000, 0x0000000705400000, 0x0000000705400000|100%|HS|  |TAMS 0x0000000705400000, 0x0000000705200000| Complete 
|  42|0x0000000705400000, 0x0000000705600000, 0x0000000705600000|100%| O|  |TAMS 0x0000000705600000, 0x0000000705400000| Untracked 
|  43|0x0000000705600000, 0x0000000705800000, 0x0000000705800000|100%| O|  |TAMS 0x0000000705800000, 0x0000000705600000| Untracked 
|  44|0x0000000705800000, 0x0000000705a00000, 0x0000000705a00000|100%| O|  |TAMS 0x0000000705a00000, 0x0000000705800000| Untracked 
|  45|0x0000000705a00000, 0x0000000705c00000, 0x0000000705c00000|100%| O|  |TAMS 0x0000000705c00000, 0x0000000705a00000| Untracked 
|  46|0x0000000705c00000, 0x0000000705e00000, 0x0000000705e00000|100%| O|  |TAMS 0x0000000705e00000, 0x0000000705c00000| Untracked 
|  47|0x0000000705e00000, 0x0000000706000000, 0x0000000706000000|100%| O|  |TAMS 0x0000000706000000, 0x0000000705e00000| Untracked 
|  48|0x0000000706000000, 0x0000000706200000, 0x0000000706200000|100%| O|  |TAMS 0x0000000706200000, 0x0000000706000000| Untracked 
|  49|0x0000000706200000, 0x0000000706400000, 0x0000000706400000|100%| O|  |TAMS 0x0000000706400000, 0x0000000706200000| Untracked 
|  50|0x0000000706400000, 0x0000000706600000, 0x0000000706600000|100%| O|  |TAMS 0x0000000706600000, 0x0000000706400000| Untracked 
|  51|0x0000000706600000, 0x0000000706800000, 0x0000000706800000|100%| O|  |TAMS 0x0000000706800000, 0x0000000706600000| Untracked 
|  52|0x0000000706800000, 0x0000000706a00000, 0x0000000706a00000|100%| O|  |TAMS 0x0000000706a00000, 0x0000000706800000| Untracked 
|  53|0x0000000706a00000, 0x0000000706c00000, 0x0000000706c00000|100%| O|  |TAMS 0x0000000706c00000, 0x0000000706a00000| Untracked 
|  54|0x0000000706c00000, 0x0000000706e00000, 0x0000000706e00000|100%| O|  |TAMS 0x0000000706e00000, 0x0000000706c00000| Untracked 
|  55|0x0000000706e00000, 0x0000000707000000, 0x0000000707000000|100%| O|  |TAMS 0x0000000707000000, 0x0000000706e00000| Untracked 
|  56|0x0000000707000000, 0x0000000707200000, 0x0000000707200000|100%| O|  |TAMS 0x0000000707200000, 0x0000000707000000| Untracked 
|  57|0x0000000707200000, 0x0000000707400000, 0x0000000707400000|100%| O|  |TAMS 0x0000000707400000, 0x0000000707200000| Untracked 
|  58|0x0000000707400000, 0x0000000707600000, 0x0000000707600000|100%| O|  |TAMS 0x0000000707600000, 0x0000000707400000| Untracked 
|  59|0x0000000707600000, 0x0000000707800000, 0x0000000707800000|100%| O|  |TAMS 0x0000000707800000, 0x0000000707600000| Untracked 
|  60|0x0000000707800000, 0x0000000707a00000, 0x0000000707a00000|100%| O|  |TAMS 0x0000000707a00000, 0x0000000707800000| Untracked 
|  61|0x0000000707a00000, 0x0000000707c00000, 0x0000000707c00000|100%| O|  |TAMS 0x0000000707c00000, 0x0000000707a00000| Untracked 
|  62|0x0000000707c00000, 0x0000000707e00000, 0x0000000707e00000|100%| O|  |TAMS 0x0000000707c00000, 0x0000000707c00000| Untracked 
|  63|0x0000000707e00000, 0x0000000708000000, 0x0000000708000000|100%| O|  |TAMS 0x0000000708000000, 0x0000000707e00000| Untracked 
|  64|0x0000000708000000, 0x0000000708200000, 0x0000000708200000|100%| O|  |TAMS 0x0000000708200000, 0x0000000708000000| Untracked 
|  65|0x0000000708200000, 0x0000000708400000, 0x0000000708400000|100%| O|  |TAMS 0x0000000708400000, 0x0000000708200000| Untracked 
|  66|0x0000000708400000, 0x0000000708600000, 0x0000000708600000|100%| O|  |TAMS 0x0000000708600000, 0x0000000708400000| Untracked 
|  67|0x0000000708600000, 0x0000000708800000, 0x0000000708800000|100%| O|  |TAMS 0x0000000708800000, 0x0000000708600000| Untracked 
|  68|0x0000000708800000, 0x0000000708a00000, 0x0000000708a00000|100%| O|  |TAMS 0x0000000708a00000, 0x0000000708800000| Untracked 
|  69|0x0000000708a00000, 0x0000000708c00000, 0x0000000708c00000|100%| O|  |TAMS 0x0000000708c00000, 0x0000000708a00000| Untracked 
|  70|0x0000000708c00000, 0x0000000708e00000, 0x0000000708e00000|100%| O|  |TAMS 0x0000000708e00000, 0x0000000708c00000| Untracked 
|  71|0x0000000708e00000, 0x0000000709000000, 0x0000000709000000|100%| O|  |TAMS 0x0000000709000000, 0x0000000708e00000| Untracked 
|  72|0x0000000709000000, 0x0000000709200000, 0x0000000709200000|100%| O|  |TAMS 0x0000000709200000, 0x0000000709000000| Untracked 
|  73|0x0000000709200000, 0x0000000709400000, 0x0000000709400000|100%| O|  |TAMS 0x0000000709400000, 0x0000000709200000| Untracked 
|  74|0x0000000709400000, 0x0000000709600000, 0x0000000709600000|100%| O|  |TAMS 0x0000000709600000, 0x0000000709400000| Untracked 
|  75|0x0000000709600000, 0x0000000709800000, 0x0000000709800000|100%| O|  |TAMS 0x0000000709800000, 0x0000000709600000| Untracked 
|  76|0x0000000709800000, 0x0000000709a00000, 0x0000000709a00000|100%| O|  |TAMS 0x0000000709a00000, 0x0000000709800000| Untracked 
|  77|0x0000000709a00000, 0x0000000709c00000, 0x0000000709c00000|100%| O|  |TAMS 0x0000000709c00000, 0x0000000709a00000| Untracked 
|  78|0x0000000709c00000, 0x0000000709e00000, 0x0000000709e00000|100%| O|  |TAMS 0x0000000709e00000, 0x0000000709c00000| Untracked 
|  79|0x0000000709e00000, 0x000000070a000000, 0x000000070a000000|100%| O|  |TAMS 0x000000070a000000, 0x0000000709e00000| Untracked 
|  80|0x000000070a000000, 0x000000070a200000, 0x000000070a200000|100%| O|  |TAMS 0x000000070a200000, 0x000000070a000000| Untracked 
|  81|0x000000070a200000, 0x000000070a200000, 0x000000070a400000|  0%| F|  |TAMS 0x000000070a200000, 0x000000070a200000| Untracked 
|  82|0x000000070a400000, 0x000000070a600000, 0x000000070a600000|100%| O|  |TAMS 0x000000070a400000, 0x000000070a400000| Untracked 
|  83|0x000000070a600000, 0x000000070a800000, 0x000000070a800000|100%| O|  |TAMS 0x000000070a600000, 0x000000070a600000| Untracked 
|  84|0x000000070a800000, 0x000000070aa00000, 0x000000070aa00000|100%| O|  |TAMS 0x000000070a800000, 0x000000070a800000| Untracked 
|  85|0x000000070aa00000, 0x000000070ac00000, 0x000000070ac00000|100%| O|  |TAMS 0x000000070aa00000, 0x000000070aa00000| Untracked 
|  86|0x000000070ac00000, 0x000000070ae00000, 0x000000070ae00000|100%| O|  |TAMS 0x000000070ac00000, 0x000000070ac00000| Untracked 
|  87|0x000000070ae00000, 0x000000070b000000, 0x000000070b000000|100%| O|  |TAMS 0x000000070ae00000, 0x000000070ae00000| Untracked 
|  88|0x000000070b000000, 0x000000070b200000, 0x000000070b200000|100%| O|  |TAMS 0x000000070b000000, 0x000000070b000000| Untracked 
|  89|0x000000070b200000, 0x000000070b400000, 0x000000070b400000|100%| O|  |TAMS 0x000000070b200000, 0x000000070b200000| Untracked 
|  90|0x000000070b400000, 0x000000070b600000, 0x000000070b600000|100%| O|  |TAMS 0x000000070b400000, 0x000000070b400000| Untracked 
|  91|0x000000070b600000, 0x000000070b63b800, 0x000000070b800000| 11%| O|  |TAMS 0x000000070b600000, 0x000000070b600000| Untracked 
|  92|0x000000070b800000, 0x000000070b800000, 0x000000070ba00000|  0%| F|  |TAMS 0x000000070b800000, 0x000000070b800000| Untracked 
|  93|0x000000070ba00000, 0x000000070ba00000, 0x000000070bc00000|  0%| F|  |TAMS 0x000000070ba00000, 0x000000070ba00000| Untracked 
|  94|0x000000070bc00000, 0x000000070bc00000, 0x000000070be00000|  0%| F|  |TAMS 0x000000070bc00000, 0x000000070bc00000| Untracked 
|  95|0x000000070be00000, 0x000000070be00000, 0x000000070c000000|  0%| F|  |TAMS 0x000000070be00000, 0x000000070be00000| Untracked 
|  96|0x000000070c000000, 0x000000070c000000, 0x000000070c200000|  0%| F|  |TAMS 0x000000070c000000, 0x000000070c000000| Untracked 
|  97|0x000000070c200000, 0x000000070c200000, 0x000000070c400000|  0%| F|  |TAMS 0x000000070c200000, 0x000000070c200000| Untracked 
|  98|0x000000070c400000, 0x000000070c400000, 0x000000070c600000|  0%| F|  |TAMS 0x000000070c400000, 0x000000070c400000| Untracked 
|  99|0x000000070c600000, 0x000000070c600000, 0x000000070c800000|  0%| F|  |TAMS 0x000000070c600000, 0x000000070c600000| Untracked 
| 100|0x000000070c800000, 0x000000070c800000, 0x000000070ca00000|  0%| F|  |TAMS 0x000000070c800000, 0x000000070c800000| Untracked 
| 101|0x000000070ca00000, 0x000000070ca00000, 0x000000070cc00000|  0%| F|  |TAMS 0x000000070ca00000, 0x000000070ca00000| Untracked 
| 102|0x000000070cc00000, 0x000000070cc00000, 0x000000070ce00000|  0%| F|  |TAMS 0x000000070cc00000, 0x000000070cc00000| Untracked 
| 103|0x000000070ce00000, 0x000000070ce00000, 0x000000070d000000|  0%| F|  |TAMS 0x000000070ce00000, 0x000000070ce00000| Untracked 
| 104|0x000000070d000000, 0x000000070d000000, 0x000000070d200000|  0%| F|  |TAMS 0x000000070d000000, 0x000000070d000000| Untracked 
| 105|0x000000070d200000, 0x000000070d200000, 0x000000070d400000|  0%| F|  |TAMS 0x000000070d200000, 0x000000070d200000| Untracked 
| 106|0x000000070d400000, 0x000000070d400000, 0x000000070d600000|  0%| F|  |TAMS 0x000000070d400000, 0x000000070d400000| Untracked 
| 107|0x000000070d600000, 0x000000070d600000, 0x000000070d800000|  0%| F|  |TAMS 0x000000070d600000, 0x000000070d600000| Untracked 
| 108|0x000000070d800000, 0x000000070d800000, 0x000000070da00000|  0%| F|  |TAMS 0x000000070d800000, 0x000000070d800000| Untracked 
| 109|0x000000070da00000, 0x000000070da00000, 0x000000070dc00000|  0%| F|  |TAMS 0x000000070da00000, 0x000000070da00000| Untracked 
| 110|0x000000070dc00000, 0x000000070dc00000, 0x000000070de00000|  0%| F|  |TAMS 0x000000070dc00000, 0x000000070dc00000| Untracked 
| 111|0x000000070de00000, 0x000000070de00000, 0x000000070e000000|  0%| F|  |TAMS 0x000000070de00000, 0x000000070de00000| Untracked 
| 112|0x000000070e000000, 0x000000070e000000, 0x000000070e200000|  0%| F|  |TAMS 0x000000070e000000, 0x000000070e000000| Untracked 
| 113|0x000000070e200000, 0x000000070e200000, 0x000000070e400000|  0%| F|  |TAMS 0x000000070e200000, 0x000000070e200000| Untracked 
| 114|0x000000070e400000, 0x000000070e400000, 0x000000070e600000|  0%| F|  |TAMS 0x000000070e400000, 0x000000070e400000| Untracked 
| 115|0x000000070e600000, 0x000000070e600000, 0x000000070e800000|  0%| F|  |TAMS 0x000000070e600000, 0x000000070e600000| Untracked 
| 116|0x000000070e800000, 0x000000070e800000, 0x000000070ea00000|  0%| F|  |TAMS 0x000000070e800000, 0x000000070e800000| Untracked 
| 117|0x000000070ea00000, 0x000000070ea00000, 0x000000070ec00000|  0%| F|  |TAMS 0x000000070ea00000, 0x000000070ea00000| Untracked 
| 118|0x000000070ec00000, 0x000000070ec00000, 0x000000070ee00000|  0%| F|  |TAMS 0x000000070ec00000, 0x000000070ec00000| Untracked 
| 119|0x000000070ee00000, 0x000000070ee00000, 0x000000070f000000|  0%| F|  |TAMS 0x000000070ee00000, 0x000000070ee00000| Untracked 
| 120|0x000000070f000000, 0x000000070f000000, 0x000000070f200000|  0%| F|  |TAMS 0x000000070f000000, 0x000000070f000000| Untracked 
| 121|0x000000070f200000, 0x000000070f200000, 0x000000070f400000|  0%| F|  |TAMS 0x000000070f200000, 0x000000070f200000| Untracked 
| 122|0x000000070f400000, 0x000000070f400000, 0x000000070f600000|  0%| F|  |TAMS 0x000000070f400000, 0x000000070f400000| Untracked 
| 123|0x000000070f600000, 0x000000070f600000, 0x000000070f800000|  0%| F|  |TAMS 0x000000070f600000, 0x000000070f600000| Untracked 
| 124|0x000000070f800000, 0x000000070f800000, 0x000000070fa00000|  0%| F|  |TAMS 0x000000070f800000, 0x000000070f800000| Untracked 
| 125|0x000000070fa00000, 0x000000070fa00000, 0x000000070fc00000|  0%| F|  |TAMS 0x000000070fa00000, 0x000000070fa00000| Untracked 
| 126|0x000000070fc00000, 0x000000070fc00000, 0x000000070fe00000|  0%| F|  |TAMS 0x000000070fc00000, 0x000000070fc00000| Untracked 
| 127|0x000000070fe00000, 0x000000070fe00000, 0x0000000710000000|  0%| F|  |TAMS 0x000000070fe00000, 0x000000070fe00000| Untracked 
| 128|0x0000000710000000, 0x0000000710000000, 0x0000000710200000|  0%| F|  |TAMS 0x0000000710000000, 0x0000000710000000| Untracked 
| 129|0x0000000710200000, 0x0000000710200000, 0x0000000710400000|  0%| F|  |TAMS 0x0000000710200000, 0x0000000710200000| Untracked 
| 130|0x0000000710400000, 0x0000000710400000, 0x0000000710600000|  0%| F|  |TAMS 0x0000000710400000, 0x0000000710400000| Untracked 
| 131|0x0000000710600000, 0x0000000710600000, 0x0000000710800000|  0%| F|  |TAMS 0x0000000710600000, 0x0000000710600000| Untracked 
| 132|0x0000000710800000, 0x0000000710800000, 0x0000000710a00000|  0%| F|  |TAMS 0x0000000710800000, 0x0000000710800000| Untracked 
| 133|0x0000000710a00000, 0x0000000710a00000, 0x0000000710c00000|  0%| F|  |TAMS 0x0000000710a00000, 0x0000000710a00000| Untracked 
| 134|0x0000000710c00000, 0x0000000710c00000, 0x0000000710e00000|  0%| F|  |TAMS 0x0000000710c00000, 0x0000000710c00000| Untracked 
| 135|0x0000000710e00000, 0x0000000710e00000, 0x0000000711000000|  0%| F|  |TAMS 0x0000000710e00000, 0x0000000710e00000| Untracked 
| 136|0x0000000711000000, 0x0000000711000000, 0x0000000711200000|  0%| F|  |TAMS 0x0000000711000000, 0x0000000711000000| Untracked 
| 137|0x0000000711200000, 0x0000000711200000, 0x0000000711400000|  0%| F|  |TAMS 0x0000000711200000, 0x0000000711200000| Untracked 
| 138|0x0000000711400000, 0x0000000711400000, 0x0000000711600000|  0%| F|  |TAMS 0x0000000711400000, 0x0000000711400000| Untracked 
| 139|0x0000000711600000, 0x0000000711769ef0, 0x0000000711800000| 70%| E|  |TAMS 0x0000000711600000, 0x0000000711600000| Complete 
| 140|0x0000000711800000, 0x0000000711a00000, 0x0000000711a00000|100%| E|CS|TAMS 0x0000000711800000, 0x0000000711800000| Complete 
| 141|0x0000000711a00000, 0x0000000711c00000, 0x0000000711c00000|100%| E|  |TAMS 0x0000000711a00000, 0x0000000711a00000| Complete 
| 142|0x0000000711c00000, 0x0000000711e00000, 0x0000000711e00000|100%| E|CS|TAMS 0x0000000711c00000, 0x0000000711c00000| Complete 
| 143|0x0000000711e00000, 0x0000000712000000, 0x0000000712000000|100%| E|CS|TAMS 0x0000000711e00000, 0x0000000711e00000| Complete 
| 144|0x0000000712000000, 0x0000000712200000, 0x0000000712200000|100%| E|CS|TAMS 0x0000000712000000, 0x0000000712000000| Complete 
| 145|0x0000000712200000, 0x0000000712400000, 0x0000000712400000|100%| S|CS|TAMS 0x0000000712200000, 0x0000000712200000| Complete 
| 146|0x0000000712400000, 0x0000000712600000, 0x0000000712600000|100%| E|CS|TAMS 0x0000000712400000, 0x0000000712400000| Complete 
| 147|0x0000000712600000, 0x0000000712800000, 0x0000000712800000|100%| E|CS|TAMS 0x0000000712600000, 0x0000000712600000| Complete 
| 148|0x0000000712800000, 0x0000000712a00000, 0x0000000712a00000|100%| E|CS|TAMS 0x0000000712800000, 0x0000000712800000| Complete 
|2047|0x00000007ffe00000, 0x0000000800000000, 0x0000000800000000|100%| O|  |TAMS 0x0000000800000000, 0x00000007ffe00000| Untracked 

Card table byte_map: [0x000001fdfc070000,0x000001fdfc870000] _byte_map_base: 0x000001fdf8870000

Marking Bits (Prev, Next): (CMBitMap*) 0x000001fdfb4e4950, (CMBitMap*) 0x000001fdfb4e4990
 Prev Bits: [0x000001fd967f0000, 0x000001fd9a7f0000)
 Next Bits: [0x000001fd9a7f0000, 0x000001fd9e7f0000)

Polling page: 0x000001fdf9350000

Metaspace:

Usage:
  Non-class:     97.14 MB used.
      Class:     15.37 MB used.
       Both:    112.51 MB used.

Virtual space:
  Non-class space:      128.00 MB reserved,      97.88 MB ( 76%) committed,  2 nodes.
      Class space:      832.00 MB reserved,      16.00 MB (  2%) committed,  1 nodes.
             Both:      960.00 MB reserved,     113.88 MB ( 12%) committed. 

Chunk freelists:
   Non-Class:  13.70 MB
       Class:  15.95 MB
        Both:  29.65 MB

MaxMetaspaceSize: 1.00 GB
CompressedClassSpaceSize: 832.00 MB
Initial GC threshold: 21.00 MB
Current GC threshold: 184.69 MB
CDS: on
MetaspaceReclaimPolicy: balanced
 - commit_granule_bytes: 65536.
 - commit_granule_words: 8192.
 - virtual_space_node_default_size: 8388608.
 - enlarge_chunks_in_place: 1.
 - new_chunks_are_fully_committed: 0.
 - uncommit_free_chunks: 1.
 - use_allocation_guard: 0.
 - handle_deallocations: 1.


Internal statistics:

num_allocs_failed_limit: 6.
num_arena_births: 1836.
num_arena_deaths: 0.
num_vsnodes_births: 3.
num_vsnodes_deaths: 0.
num_space_committed: 1821.
num_space_uncommitted: 0.
num_chunks_returned_to_freelist: 6.
num_chunks_taken_from_freelist: 7038.
num_chunk_merges: 6.
num_chunk_splits: 4510.
num_chunks_enlarged: 2825.
num_inconsistent_stats: 0.

CodeHeap 'non-profiled nmethods': size=120000Kb used=10321Kb max_used=10321Kb free=109678Kb
 bounds [0x000001fd8f2c0000, 0x000001fd8fce0000, 0x000001fd967f0000]
CodeHeap 'profiled nmethods': size=120000Kb used=30139Kb max_used=30139Kb free=89861Kb
 bounds [0x000001fd877f0000, 0x000001fd89560000, 0x000001fd8ed20000]
CodeHeap 'non-nmethods': size=5760Kb used=2491Kb max_used=2545Kb free=3268Kb
 bounds [0x000001fd8ed20000, 0x000001fd8efb0000, 0x000001fd8f2c0000]
 total_blobs=15834 nmethods=14815 adapters=930
 compilation: enabled
              stopped_count=0, restarted_count=0
 full_count=0

Compilation events (20 events):
Event: 88.512 Thread 0x000001fd9e919450 nmethod 17115 0x000001fd8953d710 code [0x000001fd8953d8a0, 0x000001fd8953d9f8]
Event: 88.512 Thread 0x000001fd9e919450 17114   !   3       java.io.ObjectInputStream::readOrdinaryObject (379 bytes)
Event: 88.515 Thread 0x000001fd9e919450 nmethod 17114 0x000001fd8953da90 code [0x000001fd8953df80, 0x000001fd895400b8]
Event: 88.515 Thread 0x000001fd9e919450 17118       3       java.io.ObjectStreamClass$FieldReflectorKey::<init> (76 bytes)
Event: 88.516 Thread 0x000001fd9e919450 nmethod 17118 0x000001fd89540d10 code [0x000001fd89540f00, 0x000001fd89541698]
Event: 88.516 Thread 0x000001fd9e919450 17122       3       java.io.ObjectInputStream$FieldValues::<init> (217 bytes)
Event: 88.518 Thread 0x000001fd9e919450 nmethod 17122 0x000001fd89541910 code [0x000001fd89541b60, 0x000001fd89542848]
Event: 88.518 Thread 0x000001fd9e919450 17121       3       java.io.ObjectStreamClass::computeFieldOffsets (308 bytes)
Event: 88.520 Thread 0x000001fd9e919450 nmethod 17121 0x000001fd89542d10 code [0x000001fd89542f60, 0x000001fd89543be8]
Event: 88.520 Thread 0x000001fd9e919450 17123       3       java.io.ObjectInputStream::skipCustomData (105 bytes)
Event: 88.528 Thread 0x000001fd9e919450 nmethod 17123 0x000001fd89543f10 code [0x000001fd89544180, 0x000001fd89544b28]
Event: 88.528 Thread 0x000001fd9e919450 17117       3       java.io.ObjectStreamClass::getLocalDesc (9 bytes)
Event: 88.529 Thread 0x000001fd9e919450 nmethod 17117 0x000001fd89544f10 code [0x000001fd895450c0, 0x000001fd89545348]
Event: 88.529 Thread 0x000001fd9e919450 17109       3       java.io.ObjectInputFilter$Config::getSerialFilterFactory (20 bytes)
Event: 88.529 Thread 0x000001fd9e919450 nmethod 17109 0x000001fd89545490 code [0x000001fd89545640, 0x000001fd89545868]
Event: 88.529 Thread 0x000001fd9e919450 17119       3       java.io.ObjectInputFilter$Config$BuiltinFilterFactory::apply (13 bytes)
Event: 88.530 Thread 0x000001fd9e919450 nmethod 17119 0x000001fd89545990 code [0x000001fd89545b40, 0x000001fd89545ea8]
Event: 88.530 Thread 0x000001fd9e919450 17120       3       java.io.ObjectInputFilter$Config$BuiltinFilterFactory::apply (19 bytes)
Event: 88.532 Thread 0x000001fd9e919450 nmethod 17120 0x000001fd89545f90 code [0x000001fd89546180, 0x000001fd89546878]
Event: 88.559 Thread 0x000001fd9e919450 17125   !   3       org.gradle.internal.io.ClassLoaderObjectInputStream::resolveClass (58 bytes)

GC Heap History (20 events):
Event: 67.645 GC heap before
{Heap before GC invocations=61 (full 0):
 garbage-first heap   total 233472K, used 164533K [0x0000000700000000, 0x0000000800000000)
  region size 2048K, 17 young (34816K), 3 survivors (6144K)
 Metaspace       used 103397K, committed 104576K, reserved 983040K
  class space    used 14363K, committed 14912K, reserved 851968K
}
Event: 67.654 GC heap after
{Heap after GC invocations=62 (full 0):
 garbage-first heap   total 233472K, used 142761K [0x0000000700000000, 0x0000000800000000)
  region size 2048K, 3 young (6144K), 3 survivors (6144K)
 Metaspace       used 103397K, committed 104576K, reserved 983040K
  class space    used 14363K, committed 14912K, reserved 851968K
}
Event: 71.817 GC heap before
{Heap before GC invocations=62 (full 0):
 garbage-first heap   total 233472K, used 185769K [0x0000000700000000, 0x0000000800000000)
  region size 2048K, 25 young (51200K), 3 survivors (6144K)
 Metaspace       used 103718K, committed 104832K, reserved 983040K
  class space    used 14400K, committed 14912K, reserved 851968K
}
Event: 71.824 GC heap after
{Heap after GC invocations=63 (full 0):
 garbage-first heap   total 233472K, used 149714K [0x0000000700000000, 0x0000000800000000)
  region size 2048K, 4 young (8192K), 4 survivors (8192K)
 Metaspace       used 103718K, committed 104832K, reserved 983040K
  class space    used 14400K, committed 14912K, reserved 851968K
}
Event: 76.379 GC heap before
{Heap before GC invocations=64 (full 0):
 garbage-first heap   total 260096K, used 188626K [0x0000000700000000, 0x0000000800000000)
  region size 2048K, 23 young (47104K), 4 survivors (8192K)
 Metaspace       used 104133K, committed 105344K, reserved 983040K
  class space    used 14449K, committed 15040K, reserved 851968K
}
Event: 76.389 GC heap after
{Heap after GC invocations=65 (full 0):
 garbage-first heap   total 260096K, used 155802K [0x0000000700000000, 0x0000000800000000)
  region size 2048K, 3 young (6144K), 3 survivors (6144K)
 Metaspace       used 104133K, committed 105344K, reserved 983040K
  class space    used 14449K, committed 15040K, reserved 851968K
}
Event: 76.443 GC heap before
{Heap before GC invocations=65 (full 0):
 garbage-first heap   total 260096K, used 159898K [0x0000000700000000, 0x0000000800000000)
  region size 2048K, 6 young (12288K), 3 survivors (6144K)
 Metaspace       used 104133K, committed 105344K, reserved 983040K
  class space    used 14449K, committed 15040K, reserved 851968K
}
Event: 76.448 GC heap after
{Heap after GC invocations=66 (full 0):
 garbage-first heap   total 260096K, used 156696K [0x0000000700000000, 0x0000000800000000)
  region size 2048K, 1 young (2048K), 1 survivors (2048K)
 Metaspace       used 104133K, committed 105344K, reserved 983040K
  class space    used 14449K, committed 15040K, reserved 851968K
}
Event: 78.841 GC heap before
{Heap before GC invocations=66 (full 0):
 garbage-first heap   total 260096K, used 209944K [0x0000000700000000, 0x0000000800000000)
  region size 2048K, 27 young (55296K), 1 survivors (2048K)
 Metaspace       used 104787K, committed 106048K, reserved 983040K
  class space    used 14516K, committed 15104K, reserved 851968K
}
Event: 78.853 GC heap after
{Heap after GC invocations=67 (full 0):
 garbage-first heap   total 260096K, used 165001K [0x0000000700000000, 0x0000000800000000)
  region size 2048K, 4 young (8192K), 4 survivors (8192K)
 Metaspace       used 104787K, committed 106048K, reserved 983040K
  class space    used 14516K, committed 15104K, reserved 851968K
}
Event: 82.271 GC heap before
{Heap before GC invocations=68 (full 0):
 garbage-first heap   total 284672K, used 210057K [0x0000000700000000, 0x0000000800000000)
  region size 2048K, 26 young (53248K), 4 survivors (8192K)
 Metaspace       used 107714K, committed 108992K, reserved 983040K
  class space    used 14977K, committed 15552K, reserved 851968K
}
Event: 82.281 GC heap after
{Heap after GC invocations=69 (full 0):
 garbage-first heap   total 284672K, used 168845K [0x0000000700000000, 0x0000000800000000)
  region size 2048K, 2 young (4096K), 2 survivors (4096K)
 Metaspace       used 107714K, committed 108992K, reserved 983040K
  class space    used 14977K, committed 15552K, reserved 851968K
}
Event: 82.799 GC heap before
{Heap before GC invocations=69 (full 0):
 garbage-first heap   total 284672K, used 177037K [0x0000000700000000, 0x0000000800000000)
  region size 2048K, 6 young (12288K), 2 survivors (4096K)
 Metaspace       used 108931K, committed 110208K, reserved 983040K
  class space    used 15119K, committed 15680K, reserved 851968K
}
Event: 82.805 GC heap after
{Heap after GC invocations=70 (full 0):
 garbage-first heap   total 284672K, used 168864K [0x0000000700000000, 0x0000000800000000)
  region size 2048K, 1 young (2048K), 1 survivors (2048K)
 Metaspace       used 108931K, committed 110208K, reserved 983040K
  class space    used 15119K, committed 15680K, reserved 851968K
}
Event: 85.903 GC heap before
{Heap before GC invocations=70 (full 0):
 garbage-first heap   total 284672K, used 230304K [0x0000000700000000, 0x0000000800000000)
  region size 2048K, 31 young (63488K), 1 survivors (2048K)
 Metaspace       used 111981K, committed 113344K, reserved 983040K
  class space    used 15484K, committed 16128K, reserved 851968K
}
Event: 85.913 GC heap after
{Heap after GC invocations=71 (full 0):
 garbage-first heap   total 284672K, used 176886K [0x0000000700000000, 0x0000000800000000)
  region size 2048K, 4 young (8192K), 4 survivors (8192K)
 Metaspace       used 111981K, committed 113344K, reserved 983040K
  class space    used 15484K, committed 16128K, reserved 851968K
}
Event: 88.033 GC heap before
{Heap before GC invocations=72 (full 0):
 garbage-first heap   total 307200K, used 228086K [0x0000000700000000, 0x0000000800000000)
  region size 2048K, 30 young (61440K), 4 survivors (8192K)
 Metaspace       used 113483K, committed 114880K, reserved 983040K
  class space    used 15641K, committed 16320K, reserved 851968K
}
Event: 88.046 GC heap after
{Heap after GC invocations=73 (full 0):
 garbage-first heap   total 307200K, used 185433K [0x0000000700000000, 0x0000000800000000)
  region size 2048K, 4 young (8192K), 4 survivors (8192K)
 Metaspace       used 113483K, committed 114880K, reserved 983040K
  class space    used 15641K, committed 16320K, reserved 851968K
}
Event: 88.189 GC heap before
{Heap before GC invocations=73 (full 0):
 garbage-first heap   total 307200K, used 191577K [0x0000000700000000, 0x0000000800000000)
  region size 2048K, 7 young (14336K), 4 survivors (8192K)
 Metaspace       used 113951K, committed 115328K, reserved 983040K
  class space    used 15688K, committed 16320K, reserved 851968K
}
Event: 88.199 GC heap after
{Heap after GC invocations=74 (full 0):
 garbage-first heap   total 307200K, used 186544K [0x0000000700000000, 0x0000000800000000)
  region size 2048K, 1 young (2048K), 1 survivors (2048K)
 Metaspace       used 113951K, committed 115328K, reserved 983040K
  class space    used 15688K, committed 16320K, reserved 851968K
}

Deoptimization events (20 events):
Event: 88.438 Thread 0x000001fdd8953360 DEOPT PACKING pc=0x000001fd8871ae3a sp=0x000000f728ef8b10
Event: 88.438 Thread 0x000001fdd8953360 DEOPT UNPACKING pc=0x000001fd8ed766e3 sp=0x000000f728ef7fd0 mode 0
Event: 88.438 Thread 0x000001fdd8953360 DEOPT PACKING pc=0x000001fd8871a317 sp=0x000000f728ef8a80
Event: 88.438 Thread 0x000001fdd8953360 DEOPT UNPACKING pc=0x000001fd8ed766e3 sp=0x000000f728ef7f48 mode 0
Event: 88.442 Thread 0x000001fdd8953360 DEOPT PACKING pc=0x000001fd8871ae3a sp=0x000000f728ef8a20
Event: 88.442 Thread 0x000001fdd8953360 DEOPT UNPACKING pc=0x000001fd8ed766e3 sp=0x000000f728ef7ee0 mode 0
Event: 88.442 Thread 0x000001fdd8953360 DEOPT PACKING pc=0x000001fd8871a317 sp=0x000000f728ef8990
Event: 88.442 Thread 0x000001fdd8953360 DEOPT UNPACKING pc=0x000001fd8ed766e3 sp=0x000000f728ef7e58 mode 0
Event: 88.445 Thread 0x000001fdd8953360 DEOPT PACKING pc=0x000001fd8871ae3a sp=0x000000f728ef8b30
Event: 88.446 Thread 0x000001fdd8953360 DEOPT UNPACKING pc=0x000001fd8ed766e3 sp=0x000000f728ef7ff0 mode 0
Event: 88.446 Thread 0x000001fdd8953360 DEOPT PACKING pc=0x000001fd8871a317 sp=0x000000f728ef8aa0
Event: 88.446 Thread 0x000001fdd8953360 DEOPT UNPACKING pc=0x000001fd8ed766e3 sp=0x000000f728ef7f68 mode 0
Event: 88.448 Thread 0x000001fdd8953360 DEOPT PACKING pc=0x000001fd8871ae3a sp=0x000000f728ef8b30
Event: 88.448 Thread 0x000001fdd8953360 DEOPT UNPACKING pc=0x000001fd8ed766e3 sp=0x000000f728ef7ff0 mode 0
Event: 88.448 Thread 0x000001fdd8953360 DEOPT PACKING pc=0x000001fd8871a317 sp=0x000000f728ef8aa0
Event: 88.448 Thread 0x000001fdd8953360 DEOPT UNPACKING pc=0x000001fd8ed766e3 sp=0x000000f728ef7f68 mode 0
Event: 88.449 Thread 0x000001fdd8953360 DEOPT PACKING pc=0x000001fd8871ae3a sp=0x000000f728ef89f0
Event: 88.449 Thread 0x000001fdd8953360 DEOPT UNPACKING pc=0x000001fd8ed766e3 sp=0x000000f728ef7eb0 mode 0
Event: 88.449 Thread 0x000001fdd8953360 DEOPT PACKING pc=0x000001fd8871a317 sp=0x000000f728ef8960
Event: 88.449 Thread 0x000001fdd8953360 DEOPT UNPACKING pc=0x000001fd8ed766e3 sp=0x000000f728ef7e28 mode 0

Classes unloaded (0 events):
No events

Classes redefined (0 events):
No events

Internal exceptions (20 events):
Event: 77.108 Thread 0x000001fdd8953360 Exception <a 'java/lang/ClassNotFoundException'{0x000000070e6cf858}: build_c106814gzjoittdhp25n4o17jCustomizer> (0x000000070e6cf858) 
thrown [s\open\src\hotspot\share\classfile\systemDictionary.cpp, line 256]
Event: 78.188 Thread 0x000001fdd8953360 Exception <a 'java/lang/ClassNotFoundException'{0x000000070dd5f6a8}: build_c106814gzjoittdhp25n4o17jBeanInfo> (0x000000070dd5f6a8) 
thrown [s\open\src\hotspot\share\classfile\systemDictionary.cpp, line 256]
Event: 78.188 Thread 0x000001fdd8953360 Exception <a 'java/lang/ClassNotFoundException'{0x000000070dd66088}: build_c106814gzjoittdhp25n4o17jCustomizer> (0x000000070dd66088) 
thrown [s\open\src\hotspot\share\classfile\systemDictionary.cpp, line 256]
Event: 79.842 Thread 0x000001fdd8953360 Implicit null exception at 0x000001fd8fb4acd6 to 0x000001fd8fb4b6a4
Event: 80.018 Thread 0x000001fdd8953360 Implicit null exception at 0x000001fd8fb53de3 to 0x000001fd8fb54f78
Event: 80.462 Thread 0x000001fdd8953360 Exception <a 'sun/nio/fs/WindowsException'{0x000000071033c688}> (0x000000071033c688) 
thrown [s\open\src\hotspot\share\prims\jni.cpp, line 516]
Event: 80.462 Thread 0x000001fdd8953360 Exception <a 'sun/nio/fs/WindowsException'{0x000000071033dcc8}> (0x000000071033dcc8) 
thrown [s\open\src\hotspot\share\prims\jni.cpp, line 516]
Event: 80.462 Thread 0x000001fdd8953360 Exception <a 'sun/nio/fs/WindowsException'{0x000000071033f358}> (0x000000071033f358) 
thrown [s\open\src\hotspot\share\prims\jni.cpp, line 516]
Event: 80.462 Thread 0x000001fdd8953360 Exception <a 'sun/nio/fs/WindowsException'{0x00000007103409e8}> (0x00000007103409e8) 
thrown [s\open\src\hotspot\share\prims\jni.cpp, line 516]
Event: 81.973 Thread 0x000001fdd8953360 Exception <a 'java/lang/NullPointerException'{0x000000070f208f10}> (0x000000070f208f10) 
thrown [s\open\src\hotspot\share\interpreter\linkResolver.cpp, line 1433]
Event: 82.153 Thread 0x000001fdd8953360 Implicit null exception at 0x000001fd8f430951 to 0x000001fd8f431e8c
Event: 83.220 Thread 0x000001fdd8953360 Exception <a 'java/lang/NoSuchMethodError'{0x00000007113ec470}: 'java.lang.Object java.lang.invoke.DirectMethodHandle$Holder.invokeSpecial(java.lang.Object, java.lang.Object, long, java.lang.Object, java.lang.Object, java.lang.Object, java.lang.Object, java.lang.Object, java.lang.Object, java.lang.Object)'> (0x00000007113ec470) 
thrown [s\open\src\hotspot\share\interpreter\linkResolver.cpp, line 759]
Event: 83.220 Thread 0x000001fdd8953360 Exception <a 'java/lang/NoSuchMethodError'{0x00000007113f1f28}: 'java.lang.Object java.lang.invoke.DelegatingMethodHandle$Holder.reinvoke_L(java.lang.Object, long, java.lang.Object, java.lang.Object, java.lang.Object, java.lang.Object, java.lang.Object, java.lang.Object, java.lang.Object)'> (0x00000007113f1f28) 
thrown [s\open\src\hotspot\share\interpreter\linkResolver.cpp, line 759]
Event: 83.336 Thread 0x000001fdd8953360 Implicit null exception at 0x000001fd8fb582d4 to 0x000001fd8fb59340
Event: 84.351 Thread 0x000001fdd8953360 Implicit null exception at 0x000001fd8fbb52c3 to 0x000001fd8fbb537b
Event: 84.577 Thread 0x000001fdd8953360 Implicit null exception at 0x000001fd8fb900df to 0x000001fd8fb910f8
Event: 84.712 Thread 0x000001fdd8953360 Implicit null exception at 0x000001fd8fbd8fbb to 0x000001fd8fbd9670
Event: 86.133 Thread 0x000001fdd8953360 Exception <a 'java/lang/IncompatibleClassChangeError'{0x0000000710f49368}: Found class java.lang.Object, but interface was expected> (0x0000000710f49368) 
thrown [s\open\src\hotspot\share\interpreter\linkResolver.cpp, line 826]
Event: 88.318 Thread 0x000001fdd8953360 Exception <a 'java/lang/NoSuchMethodError'{0x0000000712049ea0}: static Lcom/android/build/gradle/internal/profile/ProjectData;.<clinit>()V> (0x0000000712049ea0) 
thrown [s\open\src\hotspot\share\prims\jni.cpp, line 1112]
Event: 88.431 Thread 0x000001fdd8953360 Exception <a 'java/lang/NoSuchMethodError'{0x0000000712106ee8}: static Lcom/android/build/gradle/internal/profile/TaskMetadata;.<clinit>()V> (0x0000000712106ee8) 
thrown [s\open\src\hotspot\share\prims\jni.cpp, line 1112]

VM Operations (20 events):
Event: 85.903 Executing VM operation: G1CollectForAllocation
Event: 85.913 Executing VM operation: G1CollectForAllocation done
Event: 86.111 Executing VM operation: G1Concurrent
Event: 86.120 Executing VM operation: G1Concurrent done
Event: 86.216 Executing VM operation: G1Concurrent
Event: 86.217 Executing VM operation: G1Concurrent done
Event: 86.340 Executing VM operation: HandshakeAllThreads
Event: 86.340 Executing VM operation: HandshakeAllThreads done
Event: 86.876 Executing VM operation: HandshakeAllThreads
Event: 86.877 Executing VM operation: HandshakeAllThreads done
Event: 86.902 Executing VM operation: ICBufferFull
Event: 86.902 Executing VM operation: ICBufferFull done
Event: 87.720 Executing VM operation: HandshakeAllThreads
Event: 87.720 Executing VM operation: HandshakeAllThreads done
Event: 88.032 Executing VM operation: G1CollectForAllocation
Event: 88.046 Executing VM operation: G1CollectForAllocation done
Event: 88.189 Executing VM operation: G1CollectForAllocation
Event: 88.199 Executing VM operation: G1CollectForAllocation done
Event: 89.199 Executing VM operation: Cleanup
Event: 89.200 Executing VM operation: Cleanup done

Events (20 events):
Event: 83.076 loading class com/sun/org/apache/xerces/internal/impl/io/MalformedByteSequenceException done
Event: 83.218 Thread 0x000001fdd930ec50 Thread exited: 0x000001fdd930ec50
Event: 83.572 Thread 0x000001fdd930ec50 Thread added: 0x000001fdd930ec50
Event: 83.664 Thread 0x000001fdde48a8c0 Thread added: 0x000001fdde48a8c0
Event: 84.713 Thread 0x000001fdde48a8c0 Thread exited: 0x000001fdde48a8c0
Event: 84.713 Thread 0x000001fdd930ec50 Thread exited: 0x000001fdd930ec50
Event: 84.900 Thread 0x000001fdde48be00 Thread added: 0x000001fdde48be00
Event: 85.494 Thread 0x000001fdde48be00 Thread exited: 0x000001fdde48be00
Event: 85.617 Thread 0x000001fdde48ae10 Thread added: 0x000001fdde48ae10
Event: 86.386 Thread 0x000001fdde48ae10 Thread exited: 0x000001fdde48ae10
Event: 86.579 Thread 0x000001fdde48a8c0 Thread added: 0x000001fdde48a8c0
Event: 86.877 Thread 0x000001fd9e928930 flushing nmethod 0x000001fd8f385610
Event: 86.877 Thread 0x000001fd9e928930 flushing nmethod 0x000001fd8f3a1e10
Event: 86.884 Thread 0x000001fd9e928930 flushing nmethod 0x000001fd879ff310
Event: 86.891 Thread 0x000001fd9e928930 flushing nmethod 0x000001fd8837f690
Event: 88.159 Thread 0x000001fdde48a8c0 Thread exited: 0x000001fdde48a8c0
Event: 88.174 Thread 0x000001fdde48c350 Thread added: 0x000001fdde48c350
Event: 88.278 Thread 0x000001fdde48a370 Thread added: 0x000001fdde48a370
Event: 88.454 loading class java/util/HashMap$UnsafeHolder
Event: 88.454 loading class java/util/HashMap$UnsafeHolder done


Dynamic libraries:
0x00007ff6891f0000 - 0x00007ff689200000 	C:\Program Files\Java\jdk-17\bin\java.exe
0x00007ff91a2a0000 - 0x00007ff91a507000 	C:\WINDOWS\SYSTEM32\ntdll.dll
0x00007ff919040000 - 0x00007ff919109000 	C:\WINDOWS\System32\KERNEL32.DLL
0x00007ff917430000 - 0x00007ff917820000 	C:\WINDOWS\System32\KERNELBASE.dll
0x00007ff917830000 - 0x00007ff91797b000 	C:\WINDOWS\System32\ucrtbase.dll
0x00007ff8ea660000 - 0x00007ff8ea679000 	C:\Program Files\Java\jdk-17\bin\jli.dll
0x00007ff8ea640000 - 0x00007ff8ea65b000 	C:\Program Files\Java\jdk-17\bin\VCRUNTIME140.dll
0x00007ff918f80000 - 0x00007ff919034000 	C:\WINDOWS\System32\ADVAPI32.dll
0x00007ff918ed0000 - 0x00007ff918f79000 	C:\WINDOWS\System32\msvcrt.dll
0x00007ff919ff0000 - 0x00007ff91a096000 	C:\WINDOWS\System32\sechost.dll
0x00007ff9198a0000 - 0x00007ff9199b8000 	C:\WINDOWS\System32\RPCRT4.dll
0x00007ff918c00000 - 0x00007ff918dc5000 	C:\WINDOWS\System32\USER32.dll
0x00007ff917ba0000 - 0x00007ff917bc7000 	C:\WINDOWS\System32\win32u.dll
0x00007ff8f9ff0000 - 0x00007ff8fa28a000 	C:\WINDOWS\WinSxS\amd64_microsoft.windows.common-controls_6595b64144ccf1df_6.0.26100.4768_none_3e0c112ce331287c\COMCTL32.dll
0x00007ff9181b0000 - 0x00007ff9181db000 	C:\WINDOWS\System32\GDI32.dll
0x00007ff917bd0000 - 0x00007ff917d08000 	C:\WINDOWS\System32\gdi32full.dll
0x00007ff917d10000 - 0x00007ff917db3000 	C:\WINDOWS\System32\msvcp_win.dll
0x00007ff915c90000 - 0x00007ff915c9b000 	C:\WINDOWS\SYSTEM32\VERSION.dll
0x00007ff919110000 - 0x00007ff91913f000 	C:\WINDOWS\System32\IMM32.DLL
0x00007ff8feb10000 - 0x00007ff8feb1c000 	C:\Program Files\Java\jdk-17\bin\vcruntime140_1.dll
0x00007ff8e8ba0000 - 0x00007ff8e8c2e000 	C:\Program Files\Java\jdk-17\bin\msvcp140.dll
0x00007ff8e7fc0000 - 0x00007ff8e8ba0000 	C:\Program Files\Java\jdk-17\bin\server\jvm.dll
0x00007ff919fe0000 - 0x00007ff919fe8000 	C:\WINDOWS\System32\PSAPI.DLL
0x00007ff9114c0000 - 0x00007ff9114f5000 	C:\WINDOWS\SYSTEM32\WINMM.dll
0x00007ff8f7340000 - 0x00007ff8f734a000 	C:\WINDOWS\SYSTEM32\WSOCK32.dll
0x00007ff91a1b0000 - 0x00007ff91a224000 	C:\WINDOWS\System32\WS2_32.dll
0x00007ff9160e0000 - 0x00007ff9160fb000 	C:\WINDOWS\SYSTEM32\kernel.appcore.dll
0x00007ff8ea630000 - 0x00007ff8ea63a000 	C:\Program Files\Java\jdk-17\bin\jimage.dll
0x00007ff914600000 - 0x00007ff914841000 	C:\WINDOWS\SYSTEM32\DBGHELP.DLL
0x00007ff919c50000 - 0x00007ff919fd5000 	C:\WINDOWS\System32\combase.dll
0x00007ff919b60000 - 0x00007ff919c40000 	C:\WINDOWS\System32\OLEAUT32.dll
0x00007ff911470000 - 0x00007ff9114b3000 	C:\WINDOWS\SYSTEM32\dbgcore.DLL
0x00007ff917b00000 - 0x00007ff917b99000 	C:\WINDOWS\System32\bcryptPrimitives.dll
0x00007ff90d3c0000 - 0x00007ff90d3ce000 	C:\Program Files\Java\jdk-17\bin\instrument.dll
0x00007ff8e77e0000 - 0x00007ff8e7805000 	C:\Program Files\Java\jdk-17\bin\java.dll
0x00007ff8e7670000 - 0x00007ff8e7747000 	C:\Program Files\Java\jdk-17\bin\jsvml.dll
0x00007ff919150000 - 0x00007ff91989d000 	C:\WINDOWS\System32\SHELL32.dll
0x00007ff917980000 - 0x00007ff917af3000 	C:\WINDOWS\System32\wintypes.dll
0x00007ff914bd0000 - 0x00007ff91542f000 	C:\WINDOWS\SYSTEM32\windows.storage.dll
0x00007ff918dd0000 - 0x00007ff918ec5000 	C:\WINDOWS\System32\SHCORE.dll
0x00007ff91a0b0000 - 0x00007ff91a11a000 	C:\WINDOWS\System32\shlwapi.dll
0x00007ff9172c0000 - 0x00007ff9172e9000 	C:\WINDOWS\SYSTEM32\profapi.dll
0x00007ff8e6700000 - 0x00007ff8e6718000 	C:\Program Files\Java\jdk-17\bin\zip.dll
0x00007ff8e6820000 - 0x00007ff8e6839000 	C:\Program Files\Java\jdk-17\bin\net.dll
0x00007ff905200000 - 0x00007ff90531e000 	C:\WINDOWS\SYSTEM32\WINHTTP.dll
0x00007ff916650000 - 0x00007ff9166bb000 	C:\WINDOWS\system32\mswsock.dll
0x00007ff8e6800000 - 0x00007ff8e6816000 	C:\Program Files\Java\jdk-17\bin\nio.dll
0x00007ff8fa8b0000 - 0x00007ff8fa8c0000 	C:\Program Files\Java\jdk-17\bin\verify.dll
0x00007ff898580000 - 0x00007ff8985a7000 	C:\Users\q.ihbali\.gradle\native\c067742578af261105cb4f569cf0c3c89f3d7b1fecec35dd04571415982c5e48\windows-amd64\native-platform.dll
0x00007fffbc020000 - 0x00007fffbc164000 	C:\Users\q.ihbali\.gradle\native\38dada09dfb8b06ba9b0570ebf7e218e3eb74d4ef43ca46872605cf95ebc2f47\windows-amd64\native-platform-file-events.dll
0x00007ff8fa450000 - 0x00007ff8fa45a000 	C:\Program Files\Java\jdk-17\bin\management.dll
0x00007ff8fa440000 - 0x00007ff8fa44b000 	C:\Program Files\Java\jdk-17\bin\management_ext.dll
0x00007ff916a30000 - 0x00007ff916a4b000 	C:\WINDOWS\SYSTEM32\CRYPTSP.dll
0x00007ff916040000 - 0x00007ff91607b000 	C:\WINDOWS\system32\rsaenh.dll
0x00007ff9166f0000 - 0x00007ff91671b000 	C:\WINDOWS\SYSTEM32\USERENV.dll
0x00007ff917290000 - 0x00007ff9172b6000 	C:\WINDOWS\SYSTEM32\bcrypt.dll
0x00007ff916890000 - 0x00007ff91689c000 	C:\WINDOWS\SYSTEM32\CRYPTBASE.dll
0x00007ff915620000 - 0x00007ff915653000 	C:\WINDOWS\SYSTEM32\IPHLPAPI.DLL
0x00007ff91a120000 - 0x00007ff91a12a000 	C:\WINDOWS\System32\NSI.dll
0x00007ff9055e0000 - 0x00007ff9055ff000 	C:\WINDOWS\SYSTEM32\dhcpcsvc6.DLL
0x00007ff905330000 - 0x00007ff905355000 	C:\WINDOWS\SYSTEM32\dhcpcsvc.DLL
0x00007ff915660000 - 0x00007ff915786000 	C:\WINDOWS\SYSTEM32\DNSAPI.dll
0x00007ff8fa8a0000 - 0x00007ff8fa8ae000 	C:\Program Files\Java\jdk-17\bin\sunmscapi.dll
0x00007ff917dc0000 - 0x00007ff917f37000 	C:\WINDOWS\System32\CRYPT32.dll
0x00007ff916b90000 - 0x00007ff916bc0000 	C:\WINDOWS\SYSTEM32\ncrypt.dll
0x00007ff916b40000 - 0x00007ff916b7f000 	C:\WINDOWS\SYSTEM32\NTASN1.dll
0x00007ff8fa460000 - 0x00007ff8fa468000 	C:\WINDOWS\system32\wshunix.dll
0x00007ff8e8d30000 - 0x00007ff8e8d48000 	C:\WINDOWS\system32\napinsp.dll
0x00007ff8e8d10000 - 0x00007ff8e8d22000 	C:\WINDOWS\System32\winrnr.dll
0x00007ff8e8cd0000 - 0x00007ff8e8d00000 	C:\WINDOWS\system32\nlansp_c.dll
0x00007ff8ffb80000 - 0x00007ff8ffba0000 	C:\WINDOWS\system32\wshbth.dll
0x00007ff90b3f0000 - 0x00007ff90b3fb000 	C:\Windows\System32\rasadhlp.dll
0x00007ff905610000 - 0x00007ff905696000 	C:\WINDOWS\System32\fwpuclnt.dll
0x00007ff90d270000 - 0x00007ff90d277000 	C:\Program Files\Java\jdk-17\bin\rmi.dll

dbghelp: loaded successfully - version: 4.0.5 - missing functions: none
symbol engine: initialized successfully - sym options: 0x614 - pdb path: .;C:\Program Files\Java\jdk-17\bin;C:\WINDOWS\SYSTEM32;C:\WINDOWS\WinSxS\amd64_microsoft.windows.common-controls_6595b64144ccf1df_6.0.26100.4768_none_3e0c112ce331287c;C:\Program Files\Java\jdk-17\bin\server;C:\Users\q.ihbali\.gradle\native\c067742578af261105cb4f569cf0c3c89f3d7b1fecec35dd04571415982c5e48\windows-amd64;C:\Users\q.ihbali\.gradle\native\38dada09dfb8b06ba9b0570ebf7e218e3eb74d4ef43ca46872605cf95ebc2f47\windows-amd64

VM Arguments:
jvm_args: -XX:MaxMetaspaceSize=1G -XX:+HeapDumpOnOutOfMemoryError --add-opens=java.base/java.util=ALL-UNNAMED --add-opens=java.base/java.lang=ALL-UNNAMED --add-opens=java.base/java.lang.invoke=ALL-UNNAMED --add-opens=java.prefs/java.util.prefs=ALL-UNNAMED --add-opens=java.base/java.nio.charset=ALL-UNNAMED --add-opens=java.base/java.net=ALL-UNNAMED --add-opens=java.base/java.util.concurrent.atomic=ALL-UNNAMED -Xmx4G -Dfile.encoding=windows-1252 -Duser.country=US -Duser.language=en -Duser.variant -javaagent:C:\Users\q.ihbali\.gradle\wrapper\dists\gradle-8.7-all\aan3ydargesu18aqyqjwhr3pc\gradle-8.7\lib\agents\gradle-instrumentation-agent-8.7.jar 
java_command: org.gradle.launcher.daemon.bootstrap.GradleDaemon 8.7
java_class_path (initial): C:\Users\q.ihbali\.gradle\wrapper\dists\gradle-8.7-all\aan3ydargesu18aqyqjwhr3pc\gradle-8.7\lib\gradle-launcher-8.7.jar
Launcher Type: SUN_STANDARD

[Global flags]
     intx CICompilerCount                          = 4                                         {product} {ergonomic}
   size_t CompressedClassSpaceSize                 = 872415232                                 {product} {ergonomic}
     uint ConcGCThreads                            = 2                                         {product} {ergonomic}
     uint G1ConcRefinementThreads                  = 8                                         {product} {ergonomic}
   size_t G1HeapRegionSize                         = 2097152                                   {product} {ergonomic}
    uintx GCDrainStackTargetSize                   = 64                                        {product} {ergonomic}
     bool HeapDumpOnOutOfMemoryError               = true                                   {manageable} {command line}
   size_t InitialHeapSize                          = 264241152                                 {product} {ergonomic}
   size_t MarkStackSize                            = 4194304                                   {product} {ergonomic}
   size_t MaxHeapSize                              = 4294967296                                {product} {command line}
   size_t MaxMetaspaceSize                         = 1073741824                                {product} {command line}
   size_t MaxNewSize                               = 2575302656                                {product} {ergonomic}
   size_t MinHeapDeltaBytes                        = 2097152                                   {product} {ergonomic}
   size_t MinHeapSize                              = 8388608                                   {product} {ergonomic}
    uintx NonNMethodCodeHeapSize                   = 5839372                                {pd product} {ergonomic}
    uintx NonProfiledCodeHeapSize                  = 122909434                              {pd product} {ergonomic}
    uintx ProfiledCodeHeapSize                     = 122909434                              {pd product} {ergonomic}
    uintx ReservedCodeCacheSize                    = 251658240                              {pd product} {ergonomic}
     bool SegmentedCodeCache                       = true                                      {product} {ergonomic}
   size_t SoftMaxHeapSize                          = 4294967296                             {manageable} {ergonomic}
     bool UseCompressedClassPointers               = true                           {product lp64_product} {ergonomic}
     bool UseCompressedOops                        = true                           {product lp64_product} {ergonomic}
     bool UseG1GC                                  = true                                      {product} {ergonomic}
     bool UseLargePagesIndividualAllocation        = false                                  {pd product} {ergonomic}

Logging:
Log output configuration:
 #0: stdout all=warning uptime,level,tags
 #1: stderr all=off uptime,level,tags

Environment Variables:
JAVA_HOME=C:\Program Files\Java\jdk-17
PATH=C:\Users\q.ihbali\bin;C:\Program Files\Git\mingw64\bin;C:\Program Files\Git\usr\local\bin;C:\Program Files\Git\usr\bin;C:\Program Files\Git\usr\bin;C:\Program Files\Git\mingw64\bin;C:\Program Files\Git\usr\bin;C:\Users\q.ihbali\bin;C:\Users\q.ihbali\AppData\Local\Programs\Microsoft VS Code;C:\Program Files\Common Files\Oracle\Java\javapath;C:\Program Files\Java\jdk-17\bin;E:\app\Q.Ihbali\product\11.2.0\client_5;E:\app\Q.Ihbali\product\11.2.0\client_5\bin;E:\app\Q.Ihbali\product\11.2.0\client_4;E:\app\Q.Ihbali\product\11.2.0\client_4\bin;E:\app\Q.Ihbali\product\11.2.0\client_3;E:\app\Q.Ihbali\product\11.2.0\client_3\bin;C:\Program Files (x86)\Business Objects\Common\3.5\bin\NOTES;C:\Program Files (x86)\Business Objects\Common\3.5\bin\NOTES\DATA;E:\app\q.ihbali\product\11.2.0\client_2;E:\app\q.ihbali\product\11.2.0\client_2\bin;E:\app\q.ihbali\product\11.2.0\client_1;E:\app\q.ihbali\product\11.2.0\client_1\bin;C:\WINDOWS\system32;C:\WINDOWS;C:\WINDOWS\System32\Wbem;C:\WINDOWS\System32\WindowsPowerShell\v1.0;C:\WINDOWS\System32\OpenSSH;C:\WINDOWS\system32\config\systemprofile\.dnx\bin;C:\Program Files\Microsoft DNX\Dnvm;C:\Program Files\Microsoft SQL Server\120\Tools\Binn;C:\Program Files\Microsoft SQL Server\130\Tools\Binn;C:\Program Files\dotnet;C:\Program Files\Microsoft SQL Server\Client SDK\ODBC\170\Tools\Binn;C:\Program Files (x86)\Microsoft SQL Server\160\Tools\Binn;C:\Program Files\Microsoft SQL Server\160\Tools\Binn;C:\Program Files\Microsoft SQL Server\160\DTS\Binn;E:\flutter\bin;C:\Program Files\Git\cmd;C:\Program Files\Git\usr\bin;C:\Program Files\Java\jdk-17\bin;C:\Users\q.ihbali\AppData\Local\Pub\Cache\bin;C:\Program Files\nodejs;C:\Program Files\Microsoft SQL Server\150\Tools\Binn;C:\Program Files\Docker\Docker\resources\bin;C:\Users\q.ihbali\AppData\Local\Programs\Eclipse Adoptium\jdk-21.0.6.7-hotspot\bin;C:\Program Files\Java\jdk-17\bin;C:\Users\q.ihbali\AppData\Local\Programs\Python\Python312\Scripts;C:\Users\q.ihbali\AppData\Local\Programs\Python\P
USERNAME=Q.Ihbali
SHELL=C:\Program Files\Git\usr\bin\bash.exe
OS=Windows_NT
PROCESSOR_IDENTIFIER=Intel64 Family 6 Model 140 Stepping 1, GenuineIntel



---------------  S Y S T E M  ---------------

OS:
 Windows 11 , 64 bit Build 26100 (10.0.26100.4768)
OS uptime: 18 days 23:30 hours
Hyper-V role detected

CPU: total 8 (initial active 8) (4 cores per cpu, 2 threads per core) family 6 model 140 stepping 1 microcode 0x86, cx8, cmov, fxsr, ht, mmx, 3dnowpref, sse, sse2, sse3, ssse3, sse4.1, sse4.2, popcnt, lzcnt, tsc, tscinvbit, avx, avx2, aes, erms, clmul, bmi1, bmi2, adx, avx512f, avx512dq, avx512cd, avx512bw, avx512vl, sha, fma, vzeroupper, avx512_vpopcntdq, avx512_vpclmulqdq, avx512_vaes, avx512_vnni, clflush, clflushopt, clwb, avx512_vbmi2, avx512_vbmi, hv

Memory: 4k page, system-wide physical 16086M (886M free)
TotalPageFile size 45894M (AvailPageFile size 2M)
current process WorkingSet (physical memory assigned to process): 573M, peak: 576M
current process commit charge ("private bytes"): 695M, peak: 696M

vm_info: Java HotSpot(TM) 64-Bit Server VM (17.0.12+8-LTS-286) for windows-amd64 JRE (17.0.12+8-LTS-286), built on Jun  5 2024 06:46:59 by "mach5one" with MS VC++ 17.6 (VS2022)

END.
